#
# A fatal error has been detected by the Java Runtime Environment:
#
#  EXCEPTION_ACCESS_VIOLATION (0xc0000005) at pc=0x00007ff8295f6730, pid=5696, tid=3400
#
# JRE version: Java(TM) SE Runtime Environment (11.0.1+13) (build 11.0.1+13-LTS)
# Java VM: Java HotSpot(TM) 64-Bit Server VM (11.0.1+13-LTS, mixed mode, tiered, compressed oops, g1 gc, windows-amd64)
# Problematic frame:
# C  [glass.dll+0x26730]
#
# No core dump will be written. Minidumps are not enabled by default on client versions of Windows
#
# If you would like to submit a bug report, please visit:
#   http://bugreport.java.com/bugreport/crash.jsp
#

---------------  S U M M A R Y ------------

Command Line: -agentlib:jdwp=transport=dt_socket,address=127.0.0.1:50984,suspend=y,server=n --module-path=C:\Program Files\Java\javafx-sdk-11.0.2\lib --add-modules=javafx.controls,javafx.fxml --add-modules=javafx.base,javafx.graphics --add-reads=javafx.base=ALL-UNNAMED --add-reads=javafx.graphics=ALL-UNNAMED -javaagent:C:\Users\use\AppData\Local\JetBrains\IdeaIC2020.1\captureAgent\debugger-agent.jar -Dfile.encoding=UTF-8 loginpage.LoginPage

Host: Intel(R) Core(TM) i5-6200U CPU @ 2.30GHz, 4 cores, 7G,  Windows 10 , 64 bit Build 17134 (10.0.17134.1)
Time: Thu Jun  4 01:45:20 2020 Greenwich Standard Time elapsed time: 465 seconds (0d 0h 7m 45s)

---------------  T H R E A D  ---------------

Current thread (0x00000278d99ec800):  VMThread "VM Thread" [stack: 0x0000007c14f00000,0x0000007c15000000] [id=3400]

Stack: [0x0000007c14f00000,0x0000007c15000000],  sp=0x0000007c14ffee80,  free space=1019k
Native frames: (J=compiled Java code, j=interpreted, Vv=VM code, C=native code)
C  [glass.dll+0x26730]


siginfo: EXCEPTION_ACCESS_VIOLATION (0xc0000005), reading address 0x0000000000000000


Register to memory mapping:

RIP=0x00007ff8295f6730 glass.dll
RAX=0x0 is NULL
RBX=0x00000278d9a20f58 is a global jni handle
RCX=0x00000278d99ec800 points into unknown readable memory
RDX=0x0000007c14ffee80 points into unknown readable memory
RSP=0x0000007c14ffee80 points into unknown readable memory
RBP=0x00000278dad81598 points into unknown readable memory
RSI=0x00000278dad81570 points into unknown readable memory
RDI=0x0000d1e146597183 is an unknown value
R8 =0x0000000000010002 is an unknown value
R9 =0x0000000000000003 is an unknown value
R10=0x0000d1e146597183 is an unknown value
R11=0x0000007c14ffed90 points into unknown readable memory
R12=0x0 is NULL
R13=0x0000000000000040 is an unknown value
R14=0x0000007c14ffef98 points into unknown readable memory
R15=0x00000278dad81570 points into unknown readable memory


Registers:
RAX=0x0000000000000000, RBX=0x00000278d9a20f58, RCX=0x00000278d99ec800, RDX=0x0000007c14ffee80
RSP=0x0000007c14ffee80, RBP=0x00000278dad81598, RSI=0x00000278dad81570, RDI=0x0000d1e146597183
R8 =0x0000000000010002, R9 =0x0000000000000003, R10=0x0000d1e146597183, R11=0x0000007c14ffed90
R12=0x0000000000000000, R13=0x0000000000000040, R14=0x0000007c14ffef98, R15=0x00000278dad81570
RIP=0x00007ff8295f6730, EFLAGS=0x0000000000010206

Top of Stack: (sp=0x0000007c14ffee80)
0x0000007c14ffee80:   0000000000000000 00007ff861c9d92b
0x0000007c14ffee90:   00000278dad81580 0000027800000000
0x0000007c14ffeea0:   fffffffffffffffe 00000278dad81598
0x0000007c14ffeeb0:   00000278dad81578 00007ff861ca1243
0x0000007c14ffeec0:   00000278dad81580 0000027800000000
0x0000007c14ffeed0:   00003595971cbb62 00007ff8605a71f0
0x0000007c14ffeee0:   fffffffffffffffe 00007ff861ca0f0d
0x0000007c14ffeef0:   0000000000000001 00007ff8295d0000
0x0000007c14ffef00:   0000007c146fed60 00007ff8295f3be0
0x0000007c14ffef10:   0000007c14ffef88 00007ff861ca1017
0x0000007c14ffef20:   0000000000000000 0000007c14ffef98
0x0000007c14ffef30:   0000007c14fff320 00007ff861d7b080
0x0000007c14ffef40:   0000000000000001 00007ff861ca0fd4
0x0000007c14ffef50:   0000000000000000 0000000000000001
0x0000007c14ffef60:   000000000000000d 0000007c14ffef88
0x0000007c14ffef70:   0000000000000000 00007ff8295f3a60 

Instructions: (pc=0x00007ff8295f6730)
0x00007ff8295f6710:   40 53 48 83 ec 30 48 c7 44 24 20 fe ff ff ff 48
0x00007ff8295f6720:   8b 1d ea 63 01 00 48 85 db 74 16 e8 90 86 ff ff
0x00007ff8295f6730:   4c 8b 00 48 8b d3 48 8b c8 41 ff 90 b0 00 00 00
0x00007ff8295f6740:   90 48 83 c4 30 5b c3 cc cc cc cc cc cc cc cc cc 


VM_Operation (0x0000007c146fed60): Exit, mode: safepoint, requested by thread 0x00000278db71e800


---------------  P R O C E S S  ---------------

Threads class SMR info:
_java_thread_list=0x00000278da479470, length=20, elements={
0x00000278bb769000, 0x00000278d9a12000, 0x00000278d9a14000, 0x00000278da382800,
0x00000278d9a2f000, 0x00000278d9a31800, 0x00000278d9a35000, 0x00000278d9a3c800,
0x00000278da4f2800, 0x00000278daddd800, 0x00000278db274000, 0x00000278da8d6800,
0x00000278da6d4000, 0x00000278dbf0b800, 0x00000278dc35e800, 0x00000278dabf8800,
0x00000278dcef4000, 0x00000278dcce3000, 0x00000278da638800, 0x00000278db71e800
}

Java Threads: ( => current thread )
  0x00000278bb769000 JavaThread "main" [_thread_blocked, id=2940, stack(0x0000007c14900000,0x0000007c14a00000)]
  0x00000278d9a12000 JavaThread "Reference Handler" daemon [_thread_blocked, id=4968, stack(0x0000007c15000000,0x0000007c15100000)]
  0x00000278d9a14000 JavaThread "Finalizer" daemon [_thread_blocked, id=13068, stack(0x0000007c15100000,0x0000007c15200000)]
  0x00000278da382800 JavaThread "Signal Dispatcher" daemon [_thread_blocked, id=8768, stack(0x0000007c15200000,0x0000007c15300000)]
  0x00000278d9a2f000 JavaThread "Attach Listener" daemon [_thread_blocked, id=12276, stack(0x0000007c15300000,0x0000007c15400000)]
  0x00000278d9a31800 JavaThread "C2 CompilerThread0" daemon [_thread_blocked, id=9200, stack(0x0000007c15400000,0x0000007c15500000)]
  0x00000278d9a35000 JavaThread "C1 CompilerThread0" daemon [_thread_blocked, id=7504, stack(0x0000007c15500000,0x0000007c15600000)]
  0x00000278d9a3c800 JavaThread "Sweeper thread" daemon [_thread_blocked, id=6204, stack(0x0000007c15600000,0x0000007c15700000)]
  0x00000278da4f2800 JavaThread "Common-Cleaner" daemon [_thread_blocked, id=10924, stack(0x0000007c15700000,0x0000007c15800000)]
  0x00000278daddd800 JavaThread "JDWP Event Helper Thread" daemon [_thread_blocked, id=4784, stack(0x0000007c15a00000,0x0000007c15b00000)]
  0x00000278db274000 JavaThread "Service Thread" daemon [_thread_blocked, id=10432, stack(0x0000007c15c00000,0x0000007c15d00000)]
  0x00000278da8d6800 JavaThread "QuantumRenderer-0" daemon [_thread_blocked, id=5828, stack(0x0000007c15f00000,0x0000007c16000000)]
  0x00000278da6d4000 JavaThread "InvokeLaterDispatcher" daemon [_thread_blocked, id=8428, stack(0x0000007c16000000,0x0000007c16100000)]
  0x00000278dbf0b800 JavaThread "JavaFX Application Thread" [_thread_in_native, id=1800, stack(0x0000007c16100000,0x0000007c16200000)]
  0x00000278dc35e800 JavaThread "JavaFX-Launcher" [_thread_blocked, id=1196, stack(0x0000007c16600000,0x0000007c16700000)]
  0x00000278dabf8800 JavaThread "Thread-2" daemon [_thread_in_native, id=2096, stack(0x0000007c16500000,0x0000007c16600000)]
  0x00000278dcef4000 JavaThread "Prism Font Disposer" daemon [_thread_blocked, id=5936, stack(0x0000007c16b00000,0x0000007c16c00000)]
  0x00000278dcce3000 JavaThread "Cleaner-0" daemon [_thread_blocked, id=936, stack(0x0000007c16e00000,0x0000007c16f00000)]
  0x00000278da638800 JavaThread "Abandoned connection cleanup thread" daemon [_thread_blocked, id=952, stack(0x0000007c16700000,0x0000007c16800000)]
  0x00000278db71e800 JavaThread "SIGINT handler" daemon [_thread_blocked, id=9912, stack(0x0000007c14600000,0x0000007c14700000)]

Other Threads:
=>0x00000278d99ec800 VMThread "VM Thread" [stack: 0x0000007c14f00000,0x0000007c15000000] [id=3400]
  0x00000278bb780800 GCTaskThread "GC Thread#0" [stack: 0x0000007c14a00000,0x0000007c14b00000] [id=3652]
  0x00000278daf59000 GCTaskThread "GC Thread#1" [stack: 0x0000007c15800000,0x0000007c15900000] [id=376]
  0x00000278da5e9800 GCTaskThread "GC Thread#2" [stack: 0x0000007c15e00000,0x0000007c15f00000] [id=11268]
  0x00000278e44cf000 GCTaskThread "GC Thread#3" [stack: 0x0000007c16c00000,0x0000007c16d00000] [id=3484]
  0x00000278bb7b1800 ConcurrentGCThread "G1 Main Marker" [stack: 0x0000007c14b00000,0x0000007c14c00000] [id=10564]
  0x00000278bb7b3000 ConcurrentGCThread "G1 Conc#0" [stack: 0x0000007c14c00000,0x0000007c14d00000] [id=6456]
  0x00000278d9860800 ConcurrentGCThread "G1 Refine#0" [stack: 0x0000007c14d00000,0x0000007c14e00000] [id=11732]
  0x00000278d9861000 ConcurrentGCThread "G1 Young RemSet Sampling" [stack: 0x0000007c14e00000,0x0000007c14f00000] [id=3460]

Threads with active compile tasks:

VM state:at safepoint (shutting down)

VM Mutex/Monitor currently owned by a thread:  ([mutex/lock_event])
[0x00000278bb765fd0] Threads_lock - owner thread: 0x00000278d99ec800

Heap address: 0x0000000082800000, size: 2008 MB, Compressed Oops mode: 32-bit
Narrow klass base: 0x0000000000000000, Narrow klass shift: 3
Compressed class space size: 1073741824 Address: 0x0000000100000000

Heap:
 garbage-first heap   total 129024K, used 68367K [0x0000000082800000, 0x0000000100000000)
  region size 1024K, 32 young (32768K), 6 survivors (6144K)
 Metaspace       used 33653K, capacity 35249K, committed 35456K, reserved 1079296K
  class space    used 4255K, capacity 4931K, committed 4992K, reserved 1048576K
Heap Regions: E=young(eden), S=young(survivor), O=old, HS=humongous(starts), HC=humongous(continues), CS=collection set, F=free, A=archive, TAMS=top-at-mark-start (previous, next)
|   0|0x0000000082800000, 0x0000000082900000, 0x0000000082900000|100%|HS|  |TAMS 0x0000000082900000, 0x0000000082800000| Complete 
|   1|0x0000000082900000, 0x0000000082a00000, 0x0000000082a00000|100%| O|  |TAMS 0x00000000829adc00, 0x0000000082900000| Untracked 
|   2|0x0000000082a00000, 0x0000000082b00000, 0x0000000082b00000|100%|HS|  |TAMS 0x0000000082b00000, 0x0000000082a00000| Complete 
|   3|0x0000000082b00000, 0x0000000082c00000, 0x0000000082c00000|100%|HC|  |TAMS 0x0000000082c00000, 0x0000000082b00000| Complete 
|   4|0x0000000082c00000, 0x0000000082d00000, 0x0000000082d00000|100%|HS|  |TAMS 0x0000000082c00000, 0x0000000082c00000| Complete 
|   5|0x0000000082d00000, 0x0000000082e00000, 0x0000000082e00000|100%|HS|  |TAMS 0x0000000082e00000, 0x0000000082d00000| Complete 
|   6|0x0000000082e00000, 0x0000000082f00000, 0x0000000082f00000|100%|HC|  |TAMS 0x0000000082f00000, 0x0000000082e00000| Complete 
|   7|0x0000000082f00000, 0x0000000083000000, 0x0000000083000000|100%|HS|  |TAMS 0x0000000082f00000, 0x0000000082f00000| Complete 
|   8|0x0000000083000000, 0x0000000083100000, 0x0000000083100000|100%|HS|  |TAMS 0x0000000083100000, 0x0000000083000000| Complete 
|   9|0x0000000083100000, 0x0000000083200000, 0x0000000083200000|100%|HC|  |TAMS 0x0000000083200000, 0x0000000083100000| Complete 
|  10|0x0000000083200000, 0x0000000083300000, 0x0000000083300000|100%|HS|  |TAMS 0x0000000083200000, 0x0000000083200000| Complete 
|  11|0x0000000083300000, 0x0000000083400000, 0x0000000083400000|100%|HS|  |TAMS 0x0000000083400000, 0x0000000083300000| Complete 
|  12|0x0000000083400000, 0x0000000083500000, 0x0000000083500000|100%|HC|  |TAMS 0x0000000083500000, 0x0000000083400000| Complete 
|  13|0x0000000083500000, 0x0000000083600000, 0x0000000083600000|100%|HS|  |TAMS 0x0000000083500000, 0x0000000083500000| Complete 
|  14|0x0000000083600000, 0x0000000083700000, 0x0000000083700000|100%|HC|  |TAMS 0x0000000083600000, 0x0000000083600000| Complete 
|  15|0x0000000083700000, 0x0000000083800000, 0x0000000083800000|100%|HS|  |TAMS 0x0000000083700000, 0x0000000083700000| Complete 
|  16|0x0000000083800000, 0x0000000083900000, 0x0000000083900000|100%|HC|  |TAMS 0x0000000083800000, 0x0000000083800000| Complete 
|  17|0x0000000083900000, 0x0000000083a00000, 0x0000000083a00000|100%|HC|  |TAMS 0x0000000083900000, 0x0000000083900000| Complete 
|  18|0x0000000083a00000, 0x0000000083b00000, 0x0000000083b00000|100%|HC|  |TAMS 0x0000000083a00000, 0x0000000083a00000| Complete 
|  19|0x0000000083b00000, 0x0000000083c00000, 0x0000000083c00000|100%|HC|  |TAMS 0x0000000083b00000, 0x0000000083b00000| Complete 
|  20|0x0000000083c00000, 0x0000000083d00000, 0x0000000083d00000|100%|HC|  |TAMS 0x0000000083c00000, 0x0000000083c00000| Complete 
|  21|0x0000000083d00000, 0x0000000083e00000, 0x0000000083e00000|100%|HS|  |TAMS 0x0000000083d00000, 0x0000000083d00000| Complete 
|  22|0x0000000083e00000, 0x0000000083f00000, 0x0000000083f00000|100%|HC|  |TAMS 0x0000000083e00000, 0x0000000083e00000| Complete 
|  23|0x0000000083f00000, 0x0000000084000000, 0x0000000084000000|100%|HS|  |TAMS 0x0000000083f00000, 0x0000000083f00000| Complete 
|  24|0x0000000084000000, 0x0000000084100000, 0x0000000084100000|100%|HS|  |TAMS 0x0000000084000000, 0x0000000084000000| Complete 
|  25|0x0000000084100000, 0x0000000084200000, 0x0000000084200000|100%|HS|  |TAMS 0x0000000084100000, 0x0000000084100000| Complete 
|  26|0x0000000084200000, 0x0000000084300000, 0x0000000084300000|100%| O|  |TAMS 0x0000000084200000, 0x0000000084200000| Untracked 
|  27|0x0000000084300000, 0x0000000084400000, 0x0000000084400000|100%| O|  |TAMS 0x0000000084300000, 0x0000000084300000| Untracked 
|  28|0x0000000084400000, 0x0000000084500000, 0x0000000084500000|100%| O|  |TAMS 0x0000000084400000, 0x0000000084400000| Untracked 
|  29|0x0000000084500000, 0x0000000084600000, 0x0000000084600000|100%| O|  |TAMS 0x0000000084500000, 0x0000000084500000| Untracked 
|  30|0x0000000084600000, 0x0000000084700000, 0x0000000084700000|100%| O|  |TAMS 0x0000000084600000, 0x0000000084600000| Untracked 
|  31|0x0000000084700000, 0x0000000084800000, 0x0000000084800000|100%| O|  |TAMS 0x0000000084700000, 0x0000000084700000| Untracked 
|  32|0x0000000084800000, 0x0000000084803c00, 0x0000000084900000|  1%| O|  |TAMS 0x0000000084800000, 0x0000000084800000| Untracked 
|  33|0x0000000084900000, 0x0000000084a00000, 0x0000000084a00000|100%|HS|  |TAMS 0x0000000084900000, 0x0000000084900000| Complete 
|  34|0x0000000084a00000, 0x0000000084b00000, 0x0000000084b00000|100%|HS|  |TAMS 0x0000000084a00000, 0x0000000084a00000| Complete 
|  35|0x0000000084b00000, 0x0000000084c00000, 0x0000000084c00000|100%|HS|  |TAMS 0x0000000084b00000, 0x0000000084b00000| Complete 
|  36|0x0000000084c00000, 0x0000000084d00000, 0x0000000084d00000|100%|HS|  |TAMS 0x0000000084c00000, 0x0000000084c00000| Complete 
|  37|0x0000000084d00000, 0x0000000084d00000, 0x0000000084e00000|  0%| F|  |TAMS 0x0000000084d00000, 0x0000000084d00000| Untracked 
|  38|0x0000000084e00000, 0x0000000084e00000, 0x0000000084f00000|  0%| F|  |TAMS 0x0000000084e00000, 0x0000000084e00000| Untracked 
|  39|0x0000000084f00000, 0x0000000084f00000, 0x0000000085000000|  0%| F|  |TAMS 0x0000000084f00000, 0x0000000084f00000| Untracked 
|  40|0x0000000085000000, 0x0000000085000000, 0x0000000085100000|  0%| F|  |TAMS 0x0000000085000000, 0x0000000085000000| Untracked 
|  41|0x0000000085100000, 0x0000000085100000, 0x0000000085200000|  0%| F|  |TAMS 0x0000000085100000, 0x0000000085100000| Untracked 
|  42|0x0000000085200000, 0x0000000085200000, 0x0000000085300000|  0%| F|  |TAMS 0x0000000085200000, 0x0000000085200000| Untracked 
|  43|0x0000000085300000, 0x0000000085300000, 0x0000000085400000|  0%| F|  |TAMS 0x0000000085300000, 0x0000000085300000| Untracked 
|  44|0x0000000085400000, 0x0000000085400000, 0x0000000085500000|  0%| F|  |TAMS 0x0000000085400000, 0x0000000085400000| Untracked 
|  45|0x0000000085500000, 0x0000000085500000, 0x0000000085600000|  0%| F|  |TAMS 0x0000000085500000, 0x0000000085500000| Untracked 
|  46|0x0000000085600000, 0x0000000085600000, 0x0000000085700000|  0%| F|  |TAMS 0x0000000085600000, 0x0000000085600000| Untracked 
|  47|0x0000000085700000, 0x0000000085700000, 0x0000000085800000|  0%| F|  |TAMS 0x0000000085700000, 0x0000000085700000| Untracked 
|  48|0x0000000085800000, 0x0000000085800000, 0x0000000085900000|  0%| F|  |TAMS 0x0000000085800000, 0x0000000085800000| Untracked 
|  49|0x0000000085900000, 0x0000000085900000, 0x0000000085a00000|  0%| F|  |TAMS 0x0000000085900000, 0x0000000085900000| Untracked 
|  50|0x0000000085a00000, 0x0000000085a00000, 0x0000000085b00000|  0%| F|  |TAMS 0x0000000085a00000, 0x0000000085a00000| Untracked 
|  51|0x0000000085b00000, 0x0000000085b00000, 0x0000000085c00000|  0%| F|  |TAMS 0x0000000085b00000, 0x0000000085b00000| Untracked 
|  52|0x0000000085c00000, 0x0000000085c00000, 0x0000000085d00000|  0%| F|  |TAMS 0x0000000085c00000, 0x0000000085c00000| Untracked 
|  53|0x0000000085d00000, 0x0000000085d00000, 0x0000000085e00000|  0%| F|  |TAMS 0x0000000085d00000, 0x0000000085d00000| Untracked 
|  54|0x0000000085e00000, 0x0000000085e00000, 0x0000000085f00000|  0%| F|  |TAMS 0x0000000085e00000, 0x0000000085e00000| Untracked 
|  55|0x0000000085f00000, 0x0000000085f00000, 0x0000000086000000|  0%| F|  |TAMS 0x0000000085f00000, 0x0000000085f00000| Untracked 
|  56|0x0000000086000000, 0x0000000086000000, 0x0000000086100000|  0%| F|  |TAMS 0x0000000086000000, 0x0000000086000000| Untracked 
|  57|0x0000000086100000, 0x0000000086100000, 0x0000000086200000|  0%| F|  |TAMS 0x0000000086100000, 0x0000000086100000| Untracked 
|  58|0x0000000086200000, 0x0000000086200000, 0x0000000086300000|  0%| F|  |TAMS 0x0000000086200000, 0x0000000086200000| Untracked 
|  59|0x0000000086300000, 0x0000000086300000, 0x0000000086400000|  0%| F|  |TAMS 0x0000000086300000, 0x0000000086300000| Untracked 
|  60|0x0000000086400000, 0x0000000086400000, 0x0000000086500000|  0%| F|  |TAMS 0x0000000086400000, 0x0000000086400000| Untracked 
|  61|0x0000000086500000, 0x0000000086500000, 0x0000000086600000|  0%| F|  |TAMS 0x0000000086500000, 0x0000000086500000| Untracked 
|  62|0x0000000086600000, 0x0000000086600000, 0x0000000086700000|  0%| F|  |TAMS 0x0000000086600000, 0x0000000086600000| Untracked 
|  63|0x0000000086700000, 0x0000000086700000, 0x0000000086800000|  0%| F|  |TAMS 0x0000000086700000, 0x0000000086700000| Untracked 
|  64|0x0000000086800000, 0x0000000086800000, 0x0000000086900000|  0%| F|  |TAMS 0x0000000086800000, 0x0000000086800000| Untracked 
|  65|0x0000000086900000, 0x0000000086900000, 0x0000000086a00000|  0%| F|  |TAMS 0x0000000086900000, 0x0000000086900000| Untracked 
|  66|0x0000000086a00000, 0x0000000086a00000, 0x0000000086b00000|  0%| F|  |TAMS 0x0000000086a00000, 0x0000000086a00000| Untracked 
|  67|0x0000000086b00000, 0x0000000086b00000, 0x0000000086c00000|  0%| F|  |TAMS 0x0000000086b00000, 0x0000000086b00000| Untracked 
|  68|0x0000000086c00000, 0x0000000086c00000, 0x0000000086d00000|  0%| F|  |TAMS 0x0000000086c00000, 0x0000000086c00000| Untracked 
|  69|0x0000000086d00000, 0x0000000086d00000, 0x0000000086e00000|  0%| F|  |TAMS 0x0000000086d00000, 0x0000000086d00000| Untracked 
|  70|0x0000000086e00000, 0x0000000086e00000, 0x0000000086f00000|  0%| F|  |TAMS 0x0000000086e00000, 0x0000000086e00000| Untracked 
|  71|0x0000000086f00000, 0x0000000086f00000, 0x0000000087000000|  0%| F|  |TAMS 0x0000000086f00000, 0x0000000086f00000| Untracked 
|  72|0x0000000087000000, 0x0000000087000000, 0x0000000087100000|  0%| F|  |TAMS 0x0000000087000000, 0x0000000087000000| Untracked 
|  73|0x0000000087100000, 0x0000000087100000, 0x0000000087200000|  0%| F|  |TAMS 0x0000000087100000, 0x0000000087100000| Untracked 
|  74|0x0000000087200000, 0x0000000087200000, 0x0000000087300000|  0%| F|  |TAMS 0x0000000087200000, 0x0000000087200000| Untracked 
|  75|0x0000000087300000, 0x0000000087300000, 0x0000000087400000|  0%| F|  |TAMS 0x0000000087300000, 0x0000000087300000| Untracked 
|  76|0x0000000087400000, 0x0000000087400000, 0x0000000087500000|  0%| F|  |TAMS 0x0000000087400000, 0x0000000087400000| Untracked 
|  77|0x0000000087500000, 0x0000000087500000, 0x0000000087600000|  0%| F|  |TAMS 0x0000000087500000, 0x0000000087500000| Untracked 
|  78|0x0000000087600000, 0x0000000087600000, 0x0000000087700000|  0%| F|  |TAMS 0x0000000087600000, 0x0000000087600000| Untracked 
|  79|0x0000000087700000, 0x0000000087700000, 0x0000000087800000|  0%| F|  |TAMS 0x0000000087700000, 0x0000000087700000| Untracked 
|  80|0x0000000087800000, 0x0000000087800000, 0x0000000087900000|  0%| F|  |TAMS 0x0000000087800000, 0x0000000087800000| Untracked 
|  81|0x0000000087900000, 0x0000000087900000, 0x0000000087a00000|  0%| F|  |TAMS 0x0000000087900000, 0x0000000087900000| Untracked 
|  82|0x0000000087a00000, 0x0000000087a00000, 0x0000000087b00000|  0%| F|  |TAMS 0x0000000087a00000, 0x0000000087a00000| Untracked 
|  83|0x0000000087b00000, 0x0000000087b00000, 0x0000000087c00000|  0%| F|  |TAMS 0x0000000087b00000, 0x0000000087b00000| Untracked 
|  84|0x0000000087c00000, 0x0000000087c00000, 0x0000000087d00000|  0%| F|  |TAMS 0x0000000087c00000, 0x0000000087c00000| Untracked 
|  85|0x0000000087d00000, 0x0000000087d00000, 0x0000000087e00000|  0%| F|  |TAMS 0x0000000087d00000, 0x0000000087d00000| Untracked 
|  86|0x0000000087e00000, 0x0000000087ec03e0, 0x0000000087f00000| 75%| S|CS|TAMS 0x0000000087e00000, 0x0000000087e00000| Complete 
|  87|0x0000000087f00000, 0x0000000088000000, 0x0000000088000000|100%| S|CS|TAMS 0x0000000087f00000, 0x0000000087f00000| Complete 
|  88|0x0000000088000000, 0x0000000088100000, 0x0000000088100000|100%| S|CS|TAMS 0x0000000088000000, 0x0000000088000000| Complete 
|  89|0x0000000088100000, 0x0000000088200000, 0x0000000088200000|100%| S|CS|TAMS 0x0000000088100000, 0x0000000088100000| Complete 
|  90|0x0000000088200000, 0x0000000088300000, 0x0000000088300000|100%| S|CS|TAMS 0x0000000088200000, 0x0000000088200000| Complete 
|  91|0x0000000088300000, 0x0000000088400000, 0x0000000088400000|100%| S|CS|TAMS 0x0000000088300000, 0x0000000088300000| Complete 
|  92|0x0000000088400000, 0x0000000088400000, 0x0000000088500000|  0%| F|  |TAMS 0x0000000088400000, 0x0000000088400000| Untracked 
|  93|0x0000000088500000, 0x0000000088500000, 0x0000000088600000|  0%| F|  |TAMS 0x0000000088500000, 0x0000000088500000| Untracked 
|  94|0x0000000088600000, 0x0000000088600000, 0x0000000088700000|  0%| F|  |TAMS 0x0000000088600000, 0x0000000088600000| Untracked 
|  95|0x0000000088700000, 0x0000000088700000, 0x0000000088800000|  0%| F|  |TAMS 0x0000000088700000, 0x0000000088700000| Untracked 
|  96|0x0000000088800000, 0x0000000088800000, 0x0000000088900000|  0%| F|  |TAMS 0x0000000088800000, 0x0000000088800000| Untracked 
|  97|0x0000000088900000, 0x0000000088900000, 0x0000000088a00000|  0%| F|  |TAMS 0x0000000088900000, 0x0000000088900000| Untracked 
|  98|0x0000000088a00000, 0x0000000088a00000, 0x0000000088b00000|  0%| F|  |TAMS 0x0000000088a00000, 0x0000000088a00000| Untracked 
|  99|0x0000000088b00000, 0x0000000088b00000, 0x0000000088c00000|  0%| F|  |TAMS 0x0000000088b00000, 0x0000000088b00000| Untracked 
| 100|0x0000000088c00000, 0x0000000088d00000, 0x0000000088d00000|100%| E|  |TAMS 0x0000000088c00000, 0x0000000088c00000| Complete 
| 101|0x0000000088d00000, 0x0000000088e00000, 0x0000000088e00000|100%| E|CS|TAMS 0x0000000088d00000, 0x0000000088d00000| Complete 
| 102|0x0000000088e00000, 0x0000000088f00000, 0x0000000088f00000|100%| E|CS|TAMS 0x0000000088e00000, 0x0000000088e00000| Complete 
| 103|0x0000000088f00000, 0x0000000089000000, 0x0000000089000000|100%| E|CS|TAMS 0x0000000088f00000, 0x0000000088f00000| Complete 
| 104|0x0000000089000000, 0x0000000089100000, 0x0000000089100000|100%| E|CS|TAMS 0x0000000089000000, 0x0000000089000000| Complete 
| 105|0x0000000089100000, 0x0000000089200000, 0x0000000089200000|100%| E|CS|TAMS 0x0000000089100000, 0x0000000089100000| Complete 
| 106|0x0000000089200000, 0x0000000089300000, 0x0000000089300000|100%| E|CS|TAMS 0x0000000089200000, 0x0000000089200000| Complete 
| 107|0x0000000089300000, 0x0000000089400000, 0x0000000089400000|100%| E|CS|TAMS 0x0000000089300000, 0x0000000089300000| Complete 
| 108|0x0000000089400000, 0x0000000089500000, 0x0000000089500000|100%| E|CS|TAMS 0x0000000089400000, 0x0000000089400000| Complete 
| 109|0x0000000089500000, 0x0000000089600000, 0x0000000089600000|100%| E|CS|TAMS 0x0000000089500000, 0x0000000089500000| Complete 
| 110|0x0000000089600000, 0x0000000089700000, 0x0000000089700000|100%| E|CS|TAMS 0x0000000089600000, 0x0000000089600000| Complete 
| 111|0x0000000089700000, 0x0000000089800000, 0x0000000089800000|100%| E|CS|TAMS 0x0000000089700000, 0x0000000089700000| Complete 
| 112|0x0000000089800000, 0x0000000089900000, 0x0000000089900000|100%| E|CS|TAMS 0x0000000089800000, 0x0000000089800000| Complete 
| 113|0x0000000089900000, 0x0000000089a00000, 0x0000000089a00000|100%| E|CS|TAMS 0x0000000089900000, 0x0000000089900000| Complete 
| 114|0x0000000089a00000, 0x0000000089b00000, 0x0000000089b00000|100%| E|CS|TAMS 0x0000000089a00000, 0x0000000089a00000| Complete 
| 115|0x0000000089b00000, 0x0000000089c00000, 0x0000000089c00000|100%| E|CS|TAMS 0x0000000089b00000, 0x0000000089b00000| Complete 
| 116|0x0000000089c00000, 0x0000000089d00000, 0x0000000089d00000|100%| E|CS|TAMS 0x0000000089c00000, 0x0000000089c00000| Complete 
| 117|0x0000000089d00000, 0x0000000089e00000, 0x0000000089e00000|100%| E|CS|TAMS 0x0000000089d00000, 0x0000000089d00000| Complete 
| 118|0x0000000089e00000, 0x0000000089f00000, 0x0000000089f00000|100%| E|CS|TAMS 0x0000000089e00000, 0x0000000089e00000| Complete 
| 119|0x0000000089f00000, 0x000000008a000000, 0x000000008a000000|100%| E|CS|TAMS 0x0000000089f00000, 0x0000000089f00000| Complete 
| 120|0x000000008a000000, 0x000000008a100000, 0x000000008a100000|100%| E|CS|TAMS 0x000000008a000000, 0x000000008a000000| Complete 
| 121|0x000000008a100000, 0x000000008a200000, 0x000000008a200000|100%| E|CS|TAMS 0x000000008a100000, 0x000000008a100000| Complete 
| 122|0x000000008a200000, 0x000000008a300000, 0x000000008a300000|100%| E|CS|TAMS 0x000000008a200000, 0x000000008a200000| Complete 
| 123|0x000000008a300000, 0x000000008a400000, 0x000000008a400000|100%| E|CS|TAMS 0x000000008a300000, 0x000000008a300000| Complete 
| 124|0x000000008a400000, 0x000000008a500000, 0x000000008a500000|100%| E|CS|TAMS 0x000000008a400000, 0x000000008a400000| Complete 
| 125|0x000000008a500000, 0x000000008a600000, 0x000000008a600000|100%| E|CS|TAMS 0x000000008a500000, 0x000000008a500000| Complete 

Card table byte_map: [0x00000278d2e80000,0x00000278d3270000] _byte_map_base: 0x00000278d2a6c000

Marking Bits (Prev, Next): (CMBitMap*) 0x00000278bb7a9130, (CMBitMap*) 0x00000278bb7a90f8
 Prev Bits: [0x00000278d55c0000, 0x00000278d7520000)
 Next Bits: [0x00000278d3660000, 0x00000278d55c0000)

Polling page: 0x00000278b9590000

Metaspace:

Usage:
  Non-class:     29.61 MB capacity,    28.71 MB ( 97%) used,   731.01 KB (  2%) free+waste,   189.38 KB ( <1%) overhead. 
      Class:      4.82 MB capacity,     4.16 MB ( 86%) used,   581.61 KB ( 12%) free+waste,    93.56 KB (  2%) overhead. 
       Both:     34.42 MB capacity,    32.86 MB ( 95%) used,     1.28 MB (  4%) free+waste,   282.94 KB ( <1%) overhead. 

Virtual space:
  Non-class space:       30.00 MB reserved,      29.75 MB (>99%) committed 
      Class space:        1.00 GB reserved,       4.88 MB ( <1%) committed 
             Both:        1.03 GB reserved,      34.63 MB (  3%) committed 

Chunk freelists:
   Non-Class:  0 bytes
       Class:  0 bytes
        Both:  0 bytes

CodeHeap 'non-profiled nmethods': size=120064Kb used=2047Kb max_used=2118Kb free=118016Kb
 bounds [0x00000278cb550000, 0x00000278cb7c0000, 0x00000278d2a90000]
CodeHeap 'profiled nmethods': size=120000Kb used=8903Kb max_used=9116Kb free=111096Kb
 bounds [0x00000278c4020000, 0x00000278c4920000, 0x00000278cb550000]
CodeHeap 'non-nmethods': size=5696Kb used=1509Kb max_used=1522Kb free=4186Kb
 bounds [0x00000278c3a90000, 0x00000278c3d00000, 0x00000278c4020000]
 total_blobs=6540 nmethods=4285 adapters=814
 compilation: enabled
              stopped_count=0, restarted_count=0
 full_count=0

Compilation events (10 events):
Event: 362.895 Thread 0x00000278d9a31800 4743       4       java.lang.invoke.LambdaForm$Name::internArguments (59 bytes)
Event: 362.895 Thread 0x00000278d9a35000 4754       3       java.util.regex.CharPredicates$$Lambda$18/0x0000000100065c40::is (5 bytes)
Event: 362.895 Thread 0x00000278d9a35000 nmethod 4754 0x00000278c4360890 code [0x00000278c4360a60, 0x00000278c4360d78]
Event: 362.898 Thread 0x00000278d9a35000 4755       3       java.util.regex.Matcher::start (65 bytes)
Event: 362.899 Thread 0x00000278d9a35000 nmethod 4755 0x00000278c43a6010 code [0x00000278c43a62c0, 0x00000278c43a6db0]
Event: 362.904 Thread 0x00000278d9a31800 nmethod 4743 0x00000278cb5e1d90 code [0x00000278cb5e1f40, 0x00000278cb5e2338]
Event: 368.201 Thread 0x00000278d9a35000 4756       3       java.lang.invoke.LambdaFormEditor::newSpeciesData (13 bytes)
Event: 368.202 Thread 0x00000278d9a35000 nmethod 4756 0x00000278c4294c10 code [0x00000278c4294de0, 0x00000278c4295040]
Event: 368.202 Thread 0x00000278d9a35000 4757       3       java.lang.invoke.LambdaFormBuffer::renameParameter (29 bytes)
Event: 368.202 Thread 0x00000278d9a35000 nmethod 4757 0x00000278c41bf390 code [0x00000278c41bf540, 0x00000278c41bf710]

GC Heap History (6 events):
Event: 1.091 GC heap before
{Heap before GC invocations=0 (full 0):
 garbage-first heap   total 129024K, used 14336K [0x0000000082800000, 0x0000000100000000)
  region size 1024K, 14 young (14336K), 0 survivors (0K)
 Metaspace       used 8654K, capacity 8892K, committed 9216K, reserved 1056768K
  class space    used 836K, capacity 923K, committed 1024K, reserved 1048576K
}
Event: 1.097 GC heap after
{Heap after GC invocations=1 (full 0):
 garbage-first heap   total 129024K, used 3767K [0x0000000082800000, 0x0000000100000000)
  region size 1024K, 2 young (2048K), 2 survivors (2048K)
 Metaspace       used 8654K, capacity 8892K, committed 9216K, reserved 1056768K
  class space    used 836K, capacity 923K, committed 1024K, reserved 1048576K
}
Event: 3.391 GC heap before
{Heap before GC invocations=1 (full 0):
 garbage-first heap   total 129024K, used 59063K [0x0000000082800000, 0x0000000100000000)
  region size 1024K, 47 young (48128K), 2 survivors (2048K)
 Metaspace       used 20490K, capacity 21126K, committed 21248K, reserved 1067008K
  class space    used 2481K, capacity 2754K, committed 2816K, reserved 1048576K
}
Event: 3.406 GC heap after
{Heap after GC invocations=2 (full 0):
 garbage-first heap   total 129024K, used 16768K [0x0000000082800000, 0x0000000100000000)
  region size 1024K, 7 young (7168K), 7 survivors (7168K)
 Metaspace       used 20490K, capacity 21126K, committed 21248K, reserved 1067008K
  class space    used 2481K, capacity 2754K, committed 2816K, reserved 1048576K
}
Event: 15.732 GC heap before
{Heap before GC invocations=3 (full 0):
 garbage-first heap   total 129024K, used 67968K [0x0000000082800000, 0x0000000100000000)
  region size 1024K, 41 young (41984K), 7 survivors (7168K)
 Metaspace       used 30048K, capacity 30961K, committed 31232K, reserved 1077248K
  class space    used 3621K, capacity 4008K, committed 4096K, reserved 1048576K
}
Event: 15.746 GC heap after
{Heap after GC invocations=4 (full 0):
 garbage-first heap   total 129024K, used 33551K [0x0000000082800000, 0x0000000100000000)
  region size 1024K, 6 young (6144K), 6 survivors (6144K)
 Metaspace       used 30048K, capacity 30961K, committed 31232K, reserved 1077248K
  class space    used 3621K, capacity 4008K, committed 4096K, reserved 1048576K
}

Deoptimization events (10 events):
Event: 181.510 Thread 0x00000278dbf0b800 Uncommon trap: reason=profile_predicate action=maybe_recompile pc=0x00000278cb578540 method=javafx.css.CompoundSelector.applies(Ljavafx/css/Styleable;[Ljava/util/Set;I)Z @ 89 c2
Event: 181.510 Thread 0x00000278dbf0b800 Uncommon trap: reason=profile_predicate action=maybe_recompile pc=0x00000278cb578540 method=javafx.css.CompoundSelector.applies(Ljavafx/css/Styleable;[Ljava/util/Set;I)Z @ 89 c2
Event: 181.510 Thread 0x00000278dbf0b800 Uncommon trap: reason=unstable_if action=reinterpret pc=0x00000278cb712468 method=javafx.scene.CssStyleHelper.getStyle(Ljavafx/css/Styleable;Ljava/lang/String;Lcom/sun/javafx/css/StyleMap;Ljava/util/Set;)Lcom/sun/javafx/css/CascadingStyle; @ 1 c2
Event: 181.532 Thread 0x00000278dbf0b800 Uncommon trap: reason=array_check action=maybe_recompile pc=0x00000278cb59b5d0 method=javafx.css.CompoundSelector.applies(Ljavafx/css/Styleable;[Ljava/util/Set;I)Z @ 128 c2
Event: 181.532 Thread 0x00000278dbf0b800 Uncommon trap: reason=array_check action=maybe_recompile pc=0x00000278cb59b5d0 method=javafx.css.CompoundSelector.applies(Ljavafx/css/Styleable;[Ljava/util/Set;I)Z @ 128 c2
Event: 181.532 Thread 0x00000278dbf0b800 Uncommon trap: reason=array_check action=maybe_recompile pc=0x00000278cb59b5d0 method=javafx.css.CompoundSelector.applies(Ljavafx/css/Styleable;[Ljava/util/Set;I)Z @ 128 c2
Event: 181.532 Thread 0x00000278dbf0b800 Uncommon trap: reason=array_check action=maybe_recompile pc=0x00000278cb59b5d0 method=javafx.css.CompoundSelector.applies(Ljavafx/css/Styleable;[Ljava/util/Set;I)Z @ 128 c2
Event: 181.651 Thread 0x00000278dbf0b800 Uncommon trap: reason=unstable_if action=reinterpret pc=0x00000278cb729e9c method=com.sun.javafx.text.TextRun.getGlyphCode(I)I @ 21 c2
Event: 181.678 Thread 0x00000278dbf0b800 Uncommon trap: reason=unstable_if action=reinterpret pc=0x00000278cb6d710c method=com.sun.javafx.geom.transform.AffineBase.updateState2D()V @ 33 c2
Event: 181.708 Thread 0x00000278da8d6800 Uncommon trap: reason=unstable_if action=reinterpret pc=0x00000278cb714218 method=com.sun.javafx.text.TextRun.getPosX(I)F @ 21 c2

Classes redefined (0 events):
No events

Internal exceptions (10 events):
Event: 358.825 Thread 0x00000278dbf0b800 Exception <a 'java/lang/NoSuchMethodError'{0x00000000890204d8}: java.lang.invoke.DirectMethodHandle$Holder.invokeStatic(Ljava/lang/Object;Ljava/lang/Object;Ljava/lang/Object;Ljava/lang/Object;Ljava/lang/Object;Ljava/lang/Object;Ljava/lang/Object;Ljava/lan
Event: 359.637 Thread 0x00000278dbf0b800 Exception <a 'java/lang/NoSuchMethodError'{0x00000000890e2088}: java.lang.invoke.DelegatingMethodHandle$Holder.reinvoke_L(Ljava/lang/Object;Ljava/lang/Object;IILjava/lang/Object;Ljava/lang/Object;Ljava/lang/Object;Ljava/lang/Object;Ljava/lang/Object;Ljava
Event: 359.645 Thread 0x00000278dbf0b800 Exception <a 'java/lang/NoSuchMethodError'{0x0000000088f5a218}: java.lang.invoke.DirectMethodHandle$Holder.invokeSpecial(Ljava/lang/Object;Ljava/lang/Object;IILjava/lang/Object;Ljava/lang/Object;Ljava/lang/Object;Ljava/lang/Object;Ljava/lang/Object;Ljava/
Event: 359.645 Thread 0x00000278dbf0b800 Exception <a 'java/lang/NoSuchMethodError'{0x0000000088f5ef58}: java.lang.invoke.DelegatingMethodHandle$Holder.reinvoke_L(Ljava/lang/Object;IILjava/lang/Object;Ljava/lang/Object;Ljava/lang/Object;Ljava/lang/Object;Ljava/lang/Object;Ljava/lang/Object;Ljava
Event: 359.668 Thread 0x00000278dbf0b800 Exception <a 'java/lang/NoSuchMethodError'{0x0000000088e96c18}: java.lang.invoke.DelegatingMethodHandle$Holder.reinvoke_L(Ljava/lang/Object;Ljava/lang/Object;DDDDDDDD)Ljava/lang/Object;> (0x0000000088e96c18) thrown at [t:/workspace/open/src/hotspot/share/
Event: 362.868 Thread 0x00000278dbf0b800 Exception <a 'java/lang/NoSuchMethodError'{0x0000000088d20910}: java.lang.invoke.DelegatingMethodHandle$Holder.reinvoke_L(Ljava/lang/Object;Ljava/lang/Object;IILjava/lang/Object;Ljava/lang/Object;Ljava/lang/Object;Ljava/lang/Object;Ljava/lang/Object;Ljava
Event: 362.875 Thread 0x00000278dbf0b800 Exception <a 'java/lang/NoSuchMethodError'{0x0000000088d81dc8}: java.lang.invoke.DirectMethodHandle$Holder.invokeSpecial(Ljava/lang/Object;Ljava/lang/Object;IILjava/lang/Object;Ljava/lang/Object;Ljava/lang/Object;Ljava/lang/Object;Ljava/lang/Object;Ljava/
Event: 362.875 Thread 0x00000278dbf0b800 Exception <a 'java/lang/NoSuchMethodError'{0x0000000088d86490}: java.lang.invoke.DelegatingMethodHandle$Holder.reinvoke_L(Ljava/lang/Object;IILjava/lang/Object;Ljava/lang/Object;Ljava/lang/Object;Ljava/lang/Object;Ljava/lang/Object;Ljava/lang/Object;)Ljav
Event: 368.202 Thread 0x00000278dbf0b800 Exception <a 'java/lang/NoSuchMethodError'{0x0000000088dd23d0}: java.lang.invoke.DirectMethodHandle$Holder.invokeSpecial(Ljava/lang/Object;Ljava/lang/Object;DD)Ljava/lang/Object;> (0x0000000088dd23d0) thrown at [t:/workspace/open/src/hotspot/share/interpr
Event: 465.344 Thread 0x00000278db71d800 Exception <a 'java/lang/IllegalStateException'{0x0000000088cb5178}> (0x0000000088cb5178) thrown at [t:/workspace/open/src/hotspot/share/prims/jvm.cpp, line 1312]

Events (10 events):
Event: 465.343 Executing VM operation: RevokeBias done
Event: 465.343 Executing VM operation: RevokeBias
Event: 465.343 Executing VM operation: RevokeBias done
Event: 465.343 Thread 0x00000278db71f000 Thread exited: 0x00000278db71f000
Event: 465.344 loading class com/sun/javafx/tk/quantum/QuantumToolkit
Event: 465.344 loading class com/sun/javafx/tk/quantum/QuantumToolkit done
Event: 465.344 Thread 0x00000278da8d6800 DEOPT PACKING pc=0x00000278c45a1fcc sp=0x0000007c15ffedd0
Event: 465.344 Thread 0x00000278da8d6800 DEOPT UNPACKING pc=0x00000278c3acd44e sp=0x0000007c15ffe298 mode 1
Event: 465.344 Thread 0x00000278db71d800 Thread exited: 0x00000278db71d800
Event: 465.345 Executing VM operation: Exit


Dynamic libraries:
0x00007ff6460f0000 - 0x00007ff646137000 	C:\Program Files\Java\jdk-11.0.1\bin\java.exe
0x00007ff8651a0000 - 0x00007ff865381000 	C:\Windows\SYSTEM32\ntdll.dll
0x00007ff864400000 - 0x00007ff8644b2000 	C:\Windows\System32\KERNEL32.DLL
0x00007ff8619c0000 - 0x00007ff861c33000 	C:\Windows\System32\KERNELBASE.dll
0x00007ff8648b0000 - 0x00007ff864951000 	C:\Windows\System32\ADVAPI32.dll
0x00007ff864530000 - 0x00007ff8645ce000 	C:\Windows\System32\msvcrt.dll
0x00007ff862630000 - 0x00007ff86268b000 	C:\Windows\System32\sechost.dll
0x00007ff865030000 - 0x00007ff865154000 	C:\Windows\System32\RPCRT4.dll
0x00007ff864960000 - 0x00007ff864af0000 	C:\Windows\System32\USER32.dll
0x00007ff861610000 - 0x00007ff861630000 	C:\Windows\System32\win32u.dll
0x00007ff862690000 - 0x00007ff8626b8000 	C:\Windows\System32\GDI32.dll
0x00007ff861820000 - 0x00007ff8619b2000 	C:\Windows\System32\gdi32full.dll
0x00007ff861570000 - 0x00007ff86160f000 	C:\Windows\System32\msvcp_win.dll
0x00007ff861c90000 - 0x00007ff861d8a000 	C:\Windows\System32\ucrtbase.dll
0x00007ff84f490000 - 0x00007ff84f6f9000 	C:\Windows\WinSxS\amd64_microsoft.windows.common-controls_6595b64144ccf1df_6.0.17134.523_none_fb409dd930672a56\COMCTL32.dll
0x00007ff864d00000 - 0x00007ff865022000 	C:\Windows\System32\combase.dll
0x00007ff8625b0000 - 0x00007ff86262a000 	C:\Windows\System32\bcryptPrimitives.dll
0x00007ff84fd20000 - 0x00007ff84fd2a000 	C:\Windows\SYSTEM32\VERSION.dll
0x00007ff863c20000 - 0x00007ff863c4d000 	C:\Windows\System32\IMM32.DLL
0x00007ff850180000 - 0x00007ff850196000 	C:\Program Files\Java\jdk-11.0.1\bin\vcruntime140.dll
0x00007ff82b950000 - 0x00007ff82b9fa000 	C:\Program Files\Java\jdk-11.0.1\bin\msvcp140.dll
0x00007ff815540000 - 0x00007ff816082000 	C:\Program Files\Java\jdk-11.0.1\bin\server\jvm.dll
0x00007ff8627d0000 - 0x00007ff8627d8000 	C:\Windows\System32\PSAPI.DLL
0x00007ff84c0f0000 - 0x00007ff84c0f9000 	C:\Windows\SYSTEM32\WSOCK32.dll
0x00007ff8644c0000 - 0x00007ff86452c000 	C:\Windows\System32\WS2_32.dll
0x00007ff85d5b0000 - 0x00007ff85d5d3000 	C:\Windows\SYSTEM32\WINMM.dll
0x00007ff85d580000 - 0x00007ff85d5aa000 	C:\Windows\SYSTEM32\WINMMBASE.dll
0x00007ff861c40000 - 0x00007ff861c89000 	C:\Windows\System32\cfgmgr32.dll
0x00007ff8614e0000 - 0x00007ff8614f1000 	C:\Windows\System32\kernel.appcore.dll
0x00007ff850160000 - 0x00007ff850171000 	C:\Program Files\Java\jdk-11.0.1\bin\verify.dll
0x00007ff85fdc0000 - 0x00007ff85ff89000 	C:\Windows\SYSTEM32\DBGHELP.DLL
0x00007ff84c100000 - 0x00007ff84c129000 	C:\Windows\SYSTEM32\dbgcore.DLL
0x00007ff831320000 - 0x00007ff831349000 	C:\Program Files\Java\jdk-11.0.1\bin\java.dll
0x00007ff8312e0000 - 0x00007ff831317000 	C:\Program Files\Java\jdk-11.0.1\bin\jdwp.dll
0x00007ff82b760000 - 0x00007ff82b78f000 	C:\Program Files\Java\jdk-11.0.1\bin\instrument.dll
0x00007ff84b000000 - 0x00007ff84b016000 	C:\Program Files\Java\jdk-11.0.1\bin\zip.dll
0x00007ff85d050000 - 0x00007ff85d05a000 	C:\Program Files\Java\jdk-11.0.1\bin\jimage.dll
0x00007ff8627e0000 - 0x00007ff863c20000 	C:\Windows\System32\SHELL32.dll
0x00007ff864c50000 - 0x00007ff864cf9000 	C:\Windows\System32\shcore.dll
0x00007ff861ea0000 - 0x00007ff8625ad000 	C:\Windows\System32\windows.storage.dll
0x00007ff864bf0000 - 0x00007ff864c41000 	C:\Windows\System32\shlwapi.dll
0x00007ff861550000 - 0x00007ff86156f000 	C:\Windows\System32\profapi.dll
0x00007ff861500000 - 0x00007ff86154c000 	C:\Windows\System32\powrprof.dll
0x00007ff8614d0000 - 0x00007ff8614da000 	C:\Windows\System32\FLTLIB.DLL
0x00007ff83a200000 - 0x00007ff83a219000 	C:\Program Files\Java\jdk-11.0.1\bin\net.dll
0x00007ff857d50000 - 0x00007ff857e2d000 	C:\Windows\SYSTEM32\WINHTTP.dll
0x00007ff860d30000 - 0x00007ff860d96000 	C:\Windows\system32\mswsock.dll
0x00007ff82b740000 - 0x00007ff82b753000 	C:\Program Files\Java\jdk-11.0.1\bin\nio.dll
0x00007ff85d000000 - 0x00007ff85d00a000 	C:\Program Files\Java\jdk-11.0.1\bin\dt_socket.dll
0x00000278b9620000 - 0x00000278b9623000 	C:\Program Files\Java\javafx-sdk-11.0.2\bin\api-ms-win-core-console-l1-1-0.dll
0x00000278b98c0000 - 0x00000278b98c3000 	C:\Program Files\Java\javafx-sdk-11.0.2\bin\api-ms-win-core-datetime-l1-1-0.dll
0x00000278b98d0000 - 0x00000278b98d3000 	C:\Program Files\Java\javafx-sdk-11.0.2\bin\api-ms-win-core-debug-l1-1-0.dll
0x00000278b98e0000 - 0x00000278b98e3000 	C:\Program Files\Java\javafx-sdk-11.0.2\bin\api-ms-win-core-errorhandling-l1-1-0.dll
0x00000278b98f0000 - 0x00000278b98f4000 	C:\Program Files\Java\javafx-sdk-11.0.2\bin\api-ms-win-core-file-l1-1-0.dll
0x00000278b9900000 - 0x00000278b9903000 	C:\Program Files\Java\javafx-sdk-11.0.2\bin\api-ms-win-core-file-l1-2-0.dll
0x00000278b9910000 - 0x00000278b9913000 	C:\Program Files\Java\javafx-sdk-11.0.2\bin\api-ms-win-core-file-l2-1-0.dll
0x00000278bb670000 - 0x00000278bb673000 	C:\Program Files\Java\javafx-sdk-11.0.2\bin\api-ms-win-core-handle-l1-1-0.dll
0x00000278bb680000 - 0x00000278bb683000 	C:\Program Files\Java\javafx-sdk-11.0.2\bin\api-ms-win-core-heap-l1-1-0.dll
0x00000278bb690000 - 0x00000278bb693000 	C:\Program Files\Java\javafx-sdk-11.0.2\bin\api-ms-win-core-interlocked-l1-1-0.dll
0x00000278bb6a0000 - 0x00000278bb6a3000 	C:\Program Files\Java\javafx-sdk-11.0.2\bin\api-ms-win-core-libraryloader-l1-1-0.dll
0x00000278bb6b0000 - 0x00000278bb6b3000 	C:\Program Files\Java\javafx-sdk-11.0.2\bin\api-ms-win-core-localization-l1-2-0.dll
0x00000278bb6c0000 - 0x00000278bb6c3000 	C:\Program Files\Java\javafx-sdk-11.0.2\bin\api-ms-win-core-memory-l1-1-0.dll
0x00000278bb6d0000 - 0x00000278bb6d3000 	C:\Program Files\Java\javafx-sdk-11.0.2\bin\api-ms-win-core-namedpipe-l1-1-0.dll
0x00000278bb6e0000 - 0x00000278bb6e3000 	C:\Program Files\Java\javafx-sdk-11.0.2\bin\api-ms-win-core-processenvironment-l1-1-0.dll
0x00000278bb6f0000 - 0x00000278bb6f3000 	C:\Program Files\Java\javafx-sdk-11.0.2\bin\api-ms-win-core-processthreads-l1-1-0.dll
0x00000278bb700000 - 0x00000278bb703000 	C:\Program Files\Java\javafx-sdk-11.0.2\bin\api-ms-win-core-processthreads-l1-1-1.dll
0x00000278bb710000 - 0x00000278bb713000 	C:\Program Files\Java\javafx-sdk-11.0.2\bin\api-ms-win-core-profile-l1-1-0.dll
0x00000278bb720000 - 0x00000278bb723000 	C:\Program Files\Java\javafx-sdk-11.0.2\bin\api-ms-win-core-rtlsupport-l1-1-0.dll
0x00000278bb730000 - 0x00000278bb733000 	C:\Program Files\Java\javafx-sdk-11.0.2\bin\api-ms-win-core-string-l1-1-0.dll
0x00000278dc170000 - 0x00000278dc173000 	C:\Program Files\Java\javafx-sdk-11.0.2\bin\api-ms-win-core-synch-l1-1-0.dll
0x00000278dc180000 - 0x00000278dc183000 	C:\Program Files\Java\javafx-sdk-11.0.2\bin\api-ms-win-core-synch-l1-2-0.dll
0x00000278dc190000 - 0x00000278dc193000 	C:\Program Files\Java\javafx-sdk-11.0.2\bin\api-ms-win-core-sysinfo-l1-1-0.dll
0x00000278dc1a0000 - 0x00000278dc1a3000 	C:\Program Files\Java\javafx-sdk-11.0.2\bin\api-ms-win-core-timezone-l1-1-0.dll
0x00000278dc1b0000 - 0x00000278dc1b3000 	C:\Program Files\Java\javafx-sdk-11.0.2\bin\api-ms-win-core-util-l1-1-0.dll
0x00000278dc1c0000 - 0x00000278dc1c3000 	C:\Program Files\Java\javafx-sdk-11.0.2\bin\api-ms-win-crt-conio-l1-1-0.dll
0x00000278dc1d0000 - 0x00000278dc1d4000 	C:\Program Files\Java\javafx-sdk-11.0.2\bin\api-ms-win-crt-convert-l1-1-0.dll
0x00000278dc1e0000 - 0x00000278dc1e3000 	C:\Program Files\Java\javafx-sdk-11.0.2\bin\api-ms-win-crt-environment-l1-1-0.dll
0x00000278dc1f0000 - 0x00000278dc1f3000 	C:\Program Files\Java\javafx-sdk-11.0.2\bin\api-ms-win-crt-filesystem-l1-1-0.dll
0x00000278dc200000 - 0x00000278dc203000 	C:\Program Files\Java\javafx-sdk-11.0.2\bin\api-ms-win-crt-heap-l1-1-0.dll
0x00000278dc210000 - 0x00000278dc213000 	C:\Program Files\Java\javafx-sdk-11.0.2\bin\api-ms-win-crt-locale-l1-1-0.dll
0x00000278dc220000 - 0x00000278dc225000 	C:\Program Files\Java\javafx-sdk-11.0.2\bin\api-ms-win-crt-math-l1-1-0.dll
0x00000278dc230000 - 0x00000278dc235000 	C:\Program Files\Java\javafx-sdk-11.0.2\bin\api-ms-win-crt-multibyte-l1-1-0.dll
0x00000278dc240000 - 0x00000278dc250000 	C:\Program Files\Java\javafx-sdk-11.0.2\bin\api-ms-win-crt-private-l1-1-0.dll
0x00000278dc250000 - 0x00000278dc253000 	C:\Program Files\Java\javafx-sdk-11.0.2\bin\api-ms-win-crt-process-l1-1-0.dll
0x00000278dc260000 - 0x00000278dc264000 	C:\Program Files\Java\javafx-sdk-11.0.2\bin\api-ms-win-crt-runtime-l1-1-0.dll
0x00000278dc270000 - 0x00000278dc274000 	C:\Program Files\Java\javafx-sdk-11.0.2\bin\api-ms-win-crt-stdio-l1-1-0.dll
0x00000278dc280000 - 0x00000278dc284000 	C:\Program Files\Java\javafx-sdk-11.0.2\bin\api-ms-win-crt-string-l1-1-0.dll
0x00000278dc290000 - 0x00000278dc293000 	C:\Program Files\Java\javafx-sdk-11.0.2\bin\api-ms-win-crt-time-l1-1-0.dll
0x00000278dc2a0000 - 0x00000278dc2a3000 	C:\Program Files\Java\javafx-sdk-11.0.2\bin\api-ms-win-crt-utility-l1-1-0.dll
0x00007ff829fc0000 - 0x00007ff82a0ba000 	C:\Program Files\Java\javafx-sdk-11.0.2\bin\ucrtbase.dll
0x00007ff82b720000 - 0x00007ff82b736000 	C:\Program Files\Java\javafx-sdk-11.0.2\bin\vcruntime140.dll
0x00007ff829f10000 - 0x00007ff829fb6000 	C:\Program Files\Java\javafx-sdk-11.0.2\bin\msvcp140.dll
0x00007ff829eb0000 - 0x00007ff829f01000 	C:\Program Files\Java\javafx-sdk-11.0.2\bin\concrt140.dll
0x00007ff829ca0000 - 0x00007ff829cc3000 	C:\Program Files\Java\javafx-sdk-11.0.2\bin\prism_d3d.dll
0x00007ff8161d0000 - 0x00007ff816367000 	C:\Windows\system32\d3d9.dll
0x00007ff85f680000 - 0x00007ff85f6a9000 	C:\Windows\SYSTEM32\dwmapi.dll
0x00007ff85f260000 - 0x00007ff85f2f8000 	C:\Windows\system32\uxtheme.dll
0x00007ff864750000 - 0x00007ff8648a1000 	C:\Windows\System32\ole32.dll
0x00007ff864190000 - 0x00007ff864252000 	C:\Windows\System32\OLEAUT32.dll
0x00007ff8295d0000 - 0x00007ff829615000 	C:\Program Files\Java\javafx-sdk-11.0.2\bin\glass.dll
0x00007ff8626e0000 - 0x00007ff8627cd000 	C:\Windows\System32\COMDLG32.dll
0x00007ff8645d0000 - 0x00007ff864743000 	C:\Windows\System32\MSCTF.dll
0x00007ff8295a0000 - 0x00007ff8295cc000 	C:\Program Files\Java\javafx-sdk-11.0.2\bin\javafx_iio.dll
0x00007ff82b700000 - 0x00007ff82b714000 	C:\Program Files\Java\javafx-sdk-11.0.2\bin\javafx_font.dll
0x00007ff851c10000 - 0x00007ff851f2c000 	C:\Windows\SYSTEM32\dwrite.dll
0x00007ff864af0000 - 0x00007ff864b90000 	C:\Windows\System32\clbcatq.dll
0x00007ff85cce0000 - 0x00007ff85ce8e000 	C:\Windows\SYSTEM32\WindowsCodecs.dll
0x00007ff834390000 - 0x00007ff8343e8000 	C:\Windows\system32\dataexchange.dll
0x00007ff85dad0000 - 0x00007ff85dddb000 	C:\Windows\system32\d3d11.dll
0x00007ff85e3b0000 - 0x00007ff85e54c000 	C:\Windows\system32\dcomp.dll
0x00007ff860270000 - 0x00007ff86032b000 	C:\Windows\system32\dxgi.dll
0x00007ff85fa40000 - 0x00007ff85fbf8000 	C:\Windows\system32\twinapi.appcore.dll
0x00007ff85f9e0000 - 0x00007ff85fa01000 	C:\Windows\system32\RMCLIENT.dll
0x00007ff829270000 - 0x00007ff8292a4000 	C:\Program Files\Common Files\Microsoft Shared\Ink\rtscom.dll
0x00007ff8535a0000 - 0x00007ff853636000 	C:\Windows\System32\TextInputFramework.dll
0x00007ff85e890000 - 0x00007ff85e96a000 	C:\Windows\System32\CoreMessaging.dll
0x00007ff85c790000 - 0x00007ff85caae000 	C:\Windows\System32\CoreUIComponents.dll
0x00007ff8605a0000 - 0x00007ff8605d1000 	C:\Windows\SYSTEM32\ntmarta.dll
0x00007ff85c640000 - 0x00007ff85c78d000 	C:\Windows\SYSTEM32\wintypes.dll
0x00007ff860a90000 - 0x00007ff860b4e000 	C:\Windows\SYSTEM32\DNSAPI.dll
0x00007ff865160000 - 0x00007ff865168000 	C:\Windows\System32\NSI.dll
0x00007ff860a50000 - 0x00007ff860a88000 	C:\Windows\SYSTEM32\IPHLPAPI.DLL
0x00007ff850900000 - 0x00007ff85090a000 	C:\Windows\System32\rasadhlp.dll
0x00007ff850fd0000 - 0x00007ff851042000 	C:\Windows\System32\fwpuclnt.dll
0x00007ff861010000 - 0x00007ff861035000 	C:\Windows\SYSTEM32\bcrypt.dll

dbghelp: loaded successfully - version: 4.0.5 - missing functions: none
symbol engine: initialized successfully - sym options: 0x614 - pdb path: .;C:\Program Files\Java\jdk-11.0.1\bin;C:\Windows\SYSTEM32;C:\Windows\WinSxS\amd64_microsoft.windows.common-controls_6595b64144ccf1df_6.0.17134.523_none_fb409dd930672a56;C:\Program Files\Java\jdk-11.0.1\bin\server;C:\Program Files\Java\javafx-sdk-11.0.2\bin;C:\Windows\System32\DriverStore\FileRepository\ki126176.inf_amd64_694219dc1ebc939c;C:\Program Files\Common Files\Microsoft Shared\Ink

VM Arguments:
jvm_args: -agentlib:jdwp=transport=dt_socket,address=127.0.0.1:50984,suspend=y,server=n --module-path=C:\Program Files\Java\javafx-sdk-11.0.2\lib --add-modules=javafx.controls,javafx.fxml --add-modules=javafx.base,javafx.graphics --add-reads=javafx.base=ALL-UNNAMED --add-reads=javafx.graphics=ALL-UNNAMED -javaagent:C:\Users\use\AppData\Local\JetBrains\IdeaIC2020.1\captureAgent\debugger-agent.jar -Dfile.encoding=UTF-8 
java_command: loginpage.LoginPage
java_class_path (initial): C:\Program Files\Java\jre1.8.0_181\lib\ext\jfxrt.jar;C:\Program Files\Java\jre1.8.0_181\lib\ext;C:\Program Files\Java\jdk1.8.0_181\jre\lib\ext;C:\Program Files\Java\jdk1.8.0_181\jre\lib\ext\jfoenix-9.0.8.jar;C:\Users\use\Rvideo\STUDY\Study 300 SEMESTER 2\OBJECT ORIENTED PROGRAMMING WITH JAVA\PROJECT\University Application Management System\University Application Management System\out\production\University Application Management System;C:\Program Files\Java\MySQL\mysql-connector-java-5.1.38.jar;C:\Program Files\Java\javafx-sdk-11.0.2\lib\src.zip;C:\Program Files\Java\javafx-sdk-11.0.2\lib\javafx-swt.jar;C:\Program Files\Java\javafx-sdk-11.0.2\lib\javafx.web.jar;C:\Program Files\Java\javafx-sdk-11.0.2\lib\javafx.base.jar;C:\Program Files\Java\javafx-sdk-11.0.2\lib\javafx.fxml.jar;C:\Program Files\Java\javafx-sdk-11.0.2\lib\javafx.media.jar;C:\Program Files\Java\javafx-sdk-11.0.2\lib\javafx.swing.jar;C:\Program Files\Java\javafx-sdk-11.0.2\lib\javafx.controls.jar;C:\Program Files\Java\javafx-sdk-11.0.2\lib\javafx.graphics.jar;C:\Program Files\Java\jfoenix-8.0.8.jar;C:\Program Files\JetBrains\IntelliJ IDEA Community Edition 2020.1\lib\idea_rt.jar
Launcher Type: SUN_STANDARD

[Global flags]
     intx CICompilerCount                          = 3                                         {product} {ergonomic}
     uint ConcGCThreads                            = 1                                         {product} {ergonomic}
     uint G1ConcRefinementThreads                  = 4                                         {product} {ergonomic}
   size_t G1HeapRegionSize                         = 1048576                                   {product} {ergonomic}
    uintx GCDrainStackTargetSize                   = 64                                        {product} {ergonomic}
   size_t InitialHeapSize                          = 132120576                                 {product} {ergonomic}
   size_t MarkStackSize                            = 4194304                                   {product} {ergonomic}
   size_t MaxHeapSize                              = 2105540608                                {product} {ergonomic}
   size_t MaxNewSize                               = 1262485504                                {product} {ergonomic}
   size_t MinHeapDeltaBytes                        = 1048576                                   {product} {ergonomic}
    uintx NonNMethodCodeHeapSize                   = 5830092                                {pd product} {ergonomic}
    uintx NonProfiledCodeHeapSize                  = 122914074                              {pd product} {ergonomic}
    uintx ProfiledCodeHeapSize                     = 122914074                              {pd product} {ergonomic}
    uintx ReservedCodeCacheSize                    = 251658240                              {pd product} {ergonomic}
     bool SegmentedCodeCache                       = true                                      {product} {ergonomic}
     bool UseCompressedClassPointers               = true                                 {lp64_product} {ergonomic}
     bool UseCompressedOops                        = true                                 {lp64_product} {ergonomic}
     bool UseG1GC                                  = true                                      {product} {ergonomic}
     bool UseLargePagesIndividualAllocation        = false                                  {pd product} {ergonomic}

Logging:
Log output configuration:
 #0: stdout all=warning uptime,level,tags
 #1: stderr all=off uptime,level,tags

Environment Variables:
JAVA_HOME=C:\Program Files\Java\jdk1.8.0_181
CLASSPATH=C:\Program Files\Java\jdk1.8.0_181\jre\lib;C:\Program Files\Java\db-derby-10.14.2.0\lib\derby.jar
PATH=C:\Program Files (x86)\NVIDIA Corporation\PhysX\Common;C:\Program Files (x86)\Common Files\Oracle\Java\javapath;C:\Program Files\Java\jdk-10.0.2\bin;c:\altera\91\quartus\bin;C:\Program Files\Intel\WiFi\bin\;C:\Program Files\Common Files\Intel\WirelessCommon\;c:\Program Files\Microsoft SQL Server\Client SDK\ODBC\130\Tools\Binn\;c:\Program Files\Microsoft SQL Server\140\DTS\Binn\;C:\Program Files\MATLAB\MATLAB Production Server\R2015a\runtime\win64;C:\Program Files\MATLAB\MATLAB Production Server\R2015a\bin;C:\Program Files\MATLAB\MATLAB Production Server\R2015a\polyspace\bin;C:\Program Files\Java\db-derby-10.14.2.0\bin;C:\Program Files\Git\cmd;C:\Users\use\AppData\Local\Microsoft\WindowsApps;c:\Program Files\Intel\WiFi\bin\;c:\Program Files\Common Files\Intel\WirelessCommon\;C:\Users\use\AppData\Local\Programs\Microsoft VS Code\bin;C:\Program Files\Java\jdk1.8.0_181\bin;
USERNAME=Ricky
OS=Windows_NT
PROCESSOR_IDENTIFIER=Intel64 Family 6 Model 78 Stepping 3, GenuineIntel



---------------  S Y S T E M  ---------------

OS: Windows 10 , 64 bit Build 17134 (10.0.17134.1)

CPU:total 4 (initial active 4) (2 cores per cpu, 2 threads per core) family 6 model 78 stepping 3, cmov, cx8, fxsr, mmx, sse, sse2, sse3, ssse3, sse4.1, sse4.2, popcnt, avx, avx2, aes, clmul, erms, 3dnowpref, lzcnt, ht, tsc, tscinvbit, bmi1, bmi2, adx, fma

Memory: 4k page, system-wide physical 8030M (2679M free)
TotalPageFile size 9310M (AvailPageFile size 2009M)
current process WorkingSet (physical memory assigned to process): 246M, peak: 280M
current process commit charge ("private bytes"): 323M, peak: 357M

vm_info: Java HotSpot(TM) 64-Bit Server VM (11.0.1+13-LTS) for windows-amd64 JRE (11.0.1+13-LTS), built on Oct  6 2018 13:20:16 by "mach5one" with MS VC++ 15.5 (VS2017)

END.
