#
# A fatal error has been detected by the Java Runtime Environment:
#
#  EXCEPTION_ACCESS_VIOLATION (0xc0000005) at pc=0x00007ff829f96730, pid=11872, tid=1576
#
# JRE version: Java(TM) SE Runtime Environment (11.0.1+13) (build 11.0.1+13-LTS)
# Java VM: Java HotSpot(TM) 64-Bit Server VM (11.0.1+13-LTS, mixed mode, tiered, compressed oops, g1 gc, windows-amd64)
# Problematic frame:
# C  [glass.dll+0x26730]
#
# No core dump will be written. Minidumps are not enabled by default on client versions of Windows
#
# If you would like to submit a bug report, please visit:
#   http://bugreport.java.com/bugreport/crash.jsp
#

---------------  S U M M A R Y ------------

Command Line: -agentlib:jdwp=transport=dt_socket,address=127.0.0.1:50875,suspend=y,server=n --module-path=C:\Program Files\Java\javafx-sdk-11.0.2\lib --add-modules=javafx.controls,javafx.fxml --add-modules=javafx.base,javafx.graphics --add-reads=javafx.base=ALL-UNNAMED --add-reads=javafx.graphics=ALL-UNNAMED -javaagent:C:\Users\use\AppData\Local\JetBrains\IdeaIC2020.1\captureAgent\debugger-agent.jar -Dfile.encoding=UTF-8 loginpage.LoginPage

Host: Intel(R) Core(TM) i5-6200U CPU @ 2.30GHz, 4 cores, 7G,  Windows 10 , 64 bit Build 17134 (10.0.17134.1)
Time: Thu Jun  4 01:18:19 2020 Greenwich Standard Time elapsed time: 124 seconds (0d 0h 2m 4s)

---------------  T H R E A D  ---------------

Current thread (0x000002667f46f000):  VMThread "VM Thread" [stack: 0x000000d925b00000,0x000000d925c00000] [id=1576]

Stack: [0x000000d925b00000,0x000000d925c00000],  sp=0x000000d925bfefe0,  free space=1019k
Native frames: (J=compiled Java code, j=interpreted, Vv=VM code, C=native code)
C  [glass.dll+0x26730]


siginfo: EXCEPTION_ACCESS_VIOLATION (0xc0000005), reading address 0x0000000000000000


Register to memory mapping:

RIP=0x00007ff829f96730 glass.dll
RAX=0x0 is NULL
RBX=0x0000026600f89d00 is a global jni handle
RCX=0x000002667f46f000 points into unknown readable memory
RDX=0x000000d925bfefe0 points into unknown readable memory
RSP=0x000000d925bfefe0 points into unknown readable memory
RBP=0x0000026600d57098 points into unknown readable memory
RSI=0x0000026600d57070 points into unknown readable memory
RDI=0x0000faf9de5bfdb5 is an unknown value
R8 =0x0000000000010002 is an unknown value
R9 =0x0000000000000035 is an unknown value
R10=0x0000faf9de5bfdb5 is an unknown value
R11=0x000000d925bfeef0 points into unknown readable memory
R12=0x0 is NULL
R13=0x0000000000000040 is an unknown value
R14=0x000000d925bff0f8 points into unknown readable memory
R15=0x0000026600d57070 points into unknown readable memory


Registers:
RAX=0x0000000000000000, RBX=0x0000026600f89d00, RCX=0x000002667f46f000, RDX=0x000000d925bfefe0
RSP=0x000000d925bfefe0, RBP=0x0000026600d57098, RSI=0x0000026600d57070, RDI=0x0000faf9de5bfdb5
R8 =0x0000000000010002, R9 =0x0000000000000035, R10=0x0000faf9de5bfdb5, R11=0x000000d925bfeef0
R12=0x0000000000000000, R13=0x0000000000000040, R14=0x000000d925bff0f8, R15=0x0000026600d57070
RIP=0x00007ff829f96730, EFLAGS=0x0000000000010206

Top of Stack: (sp=0x000000d925bfefe0)
0x000000d925bfefe0:   0000000000000000 00007ff861c9d92b
0x000000d925bfeff0:   0000026600d57080 0000026600000000
0x000000d925bff000:   fffffffffffffffe 0000026600d57098
0x000000d925bff010:   0000026600d57078 00007ff861ca1243
0x000000d925bff020:   0000026600d57080 0000026600000000
0x000000d925bff030:   00004117d293f78f 00007ff8605a71f0
0x000000d925bff040:   fffffffffffffffe 00007ff861ca0f0d
0x000000d925bff050:   0000000000000001 00007ff829f70000
0x000000d925bff060:   000000d9251ff160 00007ff829f93be0
0x000000d925bff070:   000000d925bff0e8 00007ff861ca1017
0x000000d925bff080:   0000000000000000 000000d925bff0f8
0x000000d925bff090:   000000d925bff480 00007ff861d7b080
0x000000d925bff0a0:   0000000000000001 00007ff861ca0fd4
0x000000d925bff0b0:   0000000000000000 0000000000000001
0x000000d925bff0c0:   000000000000000d 000000d925bff0e8
0x000000d925bff0d0:   0000000000000000 00007ff829f93a60 

Instructions: (pc=0x00007ff829f96730)
0x00007ff829f96710:   40 53 48 83 ec 30 48 c7 44 24 20 fe ff ff ff 48
0x00007ff829f96720:   8b 1d ea 63 01 00 48 85 db 74 16 e8 90 86 ff ff
0x00007ff829f96730:   4c 8b 00 48 8b d3 48 8b c8 41 ff 90 b0 00 00 00
0x00007ff829f96740:   90 48 83 c4 30 5b c3 cc cc cc cc cc cc cc cc cc 


VM_Operation (0x000000d9251ff160): Exit, mode: safepoint, requested by thread 0x0000026601a07800


---------------  P R O C E S S  ---------------

Threads class SMR info:
_java_thread_list=0x000002660011cf30, length=20, elements={
0x00000266611e8800, 0x000002667f4a5800, 0x000002667f494000, 0x000002667f4a1000,
0x0000026600042800, 0x000002667f4b3000, 0x000002667f4b6000, 0x000002667f4cd800,
0x00000266001b4800, 0x0000026600820800, 0x0000026600d22800, 0x0000026600207800,
0x0000026600be0800, 0x00000266006fd800, 0x0000026601245000, 0x00000266018da800,
0x000002660c5d0000, 0x0000026600fa0000, 0x000002660c075800, 0x0000026601a07800
}

Java Threads: ( => current thread )
  0x00000266611e8800 JavaThread "main" [_thread_blocked, id=948, stack(0x000000d925500000,0x000000d925600000)]
  0x000002667f4a5800 JavaThread "Reference Handler" daemon [_thread_blocked, id=11784, stack(0x000000d925c00000,0x000000d925d00000)]
  0x000002667f494000 JavaThread "Finalizer" daemon [_thread_blocked, id=5864, stack(0x000000d925d00000,0x000000d925e00000)]
  0x000002667f4a1000 JavaThread "Signal Dispatcher" daemon [_thread_blocked, id=9332, stack(0x000000d925e00000,0x000000d925f00000)]
  0x0000026600042800 JavaThread "Attach Listener" daemon [_thread_blocked, id=11472, stack(0x000000d925f00000,0x000000d926000000)]
  0x000002667f4b3000 JavaThread "C2 CompilerThread0" daemon [_thread_blocked, id=8808, stack(0x000000d926000000,0x000000d926100000)]
  0x000002667f4b6000 JavaThread "C1 CompilerThread0" daemon [_thread_blocked, id=5588, stack(0x000000d926100000,0x000000d926200000)]
  0x000002667f4cd800 JavaThread "Sweeper thread" daemon [_thread_blocked, id=12928, stack(0x000000d926200000,0x000000d926300000)]
  0x00000266001b4800 JavaThread "Common-Cleaner" daemon [_thread_blocked, id=3460, stack(0x000000d926300000,0x000000d926400000)]
  0x0000026600820800 JavaThread "JDWP Event Helper Thread" daemon [_thread_blocked, id=4272, stack(0x000000d926600000,0x000000d926700000)]
  0x0000026600d22800 JavaThread "Service Thread" daemon [_thread_blocked, id=11216, stack(0x000000d926800000,0x000000d926900000)]
  0x0000026600207800 JavaThread "QuantumRenderer-0" daemon [_thread_blocked, id=4948, stack(0x000000d926c00000,0x000000d926d00000)]
  0x0000026600be0800 JavaThread "InvokeLaterDispatcher" daemon [_thread_blocked, id=3876, stack(0x000000d926d00000,0x000000d926e00000)]
  0x00000266006fd800 JavaThread "JavaFX Application Thread" [_thread_in_native, id=4968, stack(0x000000d926e00000,0x000000d926f00000)]
  0x0000026601245000 JavaThread "JavaFX-Launcher" [_thread_blocked, id=2188, stack(0x000000d927300000,0x000000d927400000)]
  0x00000266018da800 JavaThread "Thread-2" daemon [_thread_in_native, id=9176, stack(0x000000d927200000,0x000000d927300000)]
  0x000002660c5d0000 JavaThread "Prism Font Disposer" daemon [_thread_blocked, id=4404, stack(0x000000d927600000,0x000000d927700000)]
  0x0000026600fa0000 JavaThread "Cleaner-0" daemon [_thread_blocked, id=628, stack(0x000000d927900000,0x000000d927a00000)]
  0x000002660c075800 JavaThread "Abandoned connection cleanup thread" daemon [_thread_blocked, id=9908, stack(0x000000d926400000,0x000000d926500000)]
  0x0000026601a07800 JavaThread "SIGINT handler" daemon [_thread_blocked, id=12440, stack(0x000000d925100000,0x000000d925200000)]

Other Threads:
=>0x000002667f46f000 VMThread "VM Thread" [stack: 0x000000d925b00000,0x000000d925c00000] [id=1576]
  0x0000026661200000 GCTaskThread "GC Thread#0" [stack: 0x000000d925600000,0x000000d925700000] [id=4508]
  0x0000026602539800 GCTaskThread "GC Thread#1" [stack: 0x000000d926a00000,0x000000d926b00000] [id=7700]
  0x00000266003bc000 GCTaskThread "GC Thread#2" [stack: 0x000000d926b00000,0x000000d926c00000] [id=6040]
  0x000002660c5d1800 GCTaskThread "GC Thread#3" [stack: 0x000000d927700000,0x000000d927800000] [id=3996]
  0x0000026661231000 ConcurrentGCThread "G1 Main Marker" [stack: 0x000000d925700000,0x000000d925800000] [id=13204]
  0x0000026661232800 ConcurrentGCThread "G1 Conc#0" [stack: 0x000000d925800000,0x000000d925900000] [id=7732]
  0x000002667f2e0800 ConcurrentGCThread "G1 Refine#0" [stack: 0x000000d925900000,0x000000d925a00000] [id=3496]
  0x000002667f2e1000 ConcurrentGCThread "G1 Young RemSet Sampling" [stack: 0x000000d925a00000,0x000000d925b00000] [id=10868]

Threads with active compile tasks:

VM state:at safepoint (shutting down)

VM Mutex/Monitor currently owned by a thread:  ([mutex/lock_event])
[0x00000266611e56c0] Threads_lock - owner thread: 0x000002667f46f000

Heap address: 0x0000000082800000, size: 2008 MB, Compressed Oops mode: 32-bit
Narrow klass base: 0x0000000000000000, Narrow klass shift: 3
Compressed class space size: 1073741824 Address: 0x0000000100000000

Heap:
 garbage-first heap   total 129024K, used 42400K [0x0000000082800000, 0x0000000100000000)
  region size 1024K, 12 young (12288K), 7 survivors (7168K)
 Metaspace       used 32200K, capacity 33497K, committed 33792K, reserved 1079296K
  class space    used 4007K, capacity 4554K, committed 4608K, reserved 1048576K
Heap Regions: E=young(eden), S=young(survivor), O=old, HS=humongous(starts), HC=humongous(continues), CS=collection set, F=free, A=archive, TAMS=top-at-mark-start (previous, next)
|   0|0x0000000082800000, 0x0000000082900000, 0x0000000082900000|100%|HS|  |TAMS 0x0000000082900000, 0x0000000082800000| Complete 
|   1|0x0000000082900000, 0x0000000082a00000, 0x0000000082a00000|100%| O|  |TAMS 0x00000000829e1000, 0x0000000082900000| Untracked 
|   2|0x0000000082a00000, 0x0000000082b00000, 0x0000000082b00000|100%|HS|  |TAMS 0x0000000082b00000, 0x0000000082a00000| Complete 
|   3|0x0000000082b00000, 0x0000000082c00000, 0x0000000082c00000|100%|HC|  |TAMS 0x0000000082c00000, 0x0000000082b00000| Complete 
|   4|0x0000000082c00000, 0x0000000082d00000, 0x0000000082d00000|100%|HS|  |TAMS 0x0000000082c00000, 0x0000000082c00000| Complete 
|   5|0x0000000082d00000, 0x0000000082e00000, 0x0000000082e00000|100%|HS|  |TAMS 0x0000000082e00000, 0x0000000082d00000| Complete 
|   6|0x0000000082e00000, 0x0000000082f00000, 0x0000000082f00000|100%|HC|  |TAMS 0x0000000082f00000, 0x0000000082e00000| Complete 
|   7|0x0000000082f00000, 0x0000000083000000, 0x0000000083000000|100%|HS|  |TAMS 0x0000000082f00000, 0x0000000082f00000| Complete 
|   8|0x0000000083000000, 0x0000000083100000, 0x0000000083100000|100%|HS|  |TAMS 0x0000000083100000, 0x0000000083000000| Complete 
|   9|0x0000000083100000, 0x0000000083200000, 0x0000000083200000|100%|HC|  |TAMS 0x0000000083200000, 0x0000000083100000| Complete 
|  10|0x0000000083200000, 0x0000000083300000, 0x0000000083300000|100%|HS|  |TAMS 0x0000000083200000, 0x0000000083200000| Complete 
|  11|0x0000000083300000, 0x0000000083400000, 0x0000000083400000|100%|HS|  |TAMS 0x0000000083400000, 0x0000000083300000| Complete 
|  12|0x0000000083400000, 0x0000000083500000, 0x0000000083500000|100%|HC|  |TAMS 0x0000000083500000, 0x0000000083400000| Complete 
|  13|0x0000000083500000, 0x0000000083600000, 0x0000000083600000|100%|HS|  |TAMS 0x0000000083500000, 0x0000000083500000| Complete 
|  14|0x0000000083600000, 0x0000000083700000, 0x0000000083700000|100%|HC|  |TAMS 0x0000000083600000, 0x0000000083600000| Complete 
|  15|0x0000000083700000, 0x0000000083800000, 0x0000000083800000|100%|HS|  |TAMS 0x0000000083700000, 0x0000000083700000| Complete 
|  16|0x0000000083800000, 0x0000000083900000, 0x0000000083900000|100%|HC|  |TAMS 0x0000000083800000, 0x0000000083800000| Complete 
|  17|0x0000000083900000, 0x0000000083a00000, 0x0000000083a00000|100%|HC|  |TAMS 0x0000000083900000, 0x0000000083900000| Complete 
|  18|0x0000000083a00000, 0x0000000083b00000, 0x0000000083b00000|100%|HC|  |TAMS 0x0000000083a00000, 0x0000000083a00000| Complete 
|  19|0x0000000083b00000, 0x0000000083c00000, 0x0000000083c00000|100%|HC|  |TAMS 0x0000000083b00000, 0x0000000083b00000| Complete 
|  20|0x0000000083c00000, 0x0000000083d00000, 0x0000000083d00000|100%|HC|  |TAMS 0x0000000083c00000, 0x0000000083c00000| Complete 
|  21|0x0000000083d00000, 0x0000000083e00000, 0x0000000083e00000|100%|HS|  |TAMS 0x0000000083d00000, 0x0000000083d00000| Complete 
|  22|0x0000000083e00000, 0x0000000083f00000, 0x0000000083f00000|100%|HC|  |TAMS 0x0000000083e00000, 0x0000000083e00000| Complete 
|  23|0x0000000083f00000, 0x0000000083f00000, 0x0000000084000000|  0%| F|  |TAMS 0x0000000083f00000, 0x0000000083f00000| Untracked 
|  24|0x0000000084000000, 0x0000000084000000, 0x0000000084100000|  0%| F|  |TAMS 0x0000000084000000, 0x0000000084000000| Untracked 
|  25|0x0000000084100000, 0x0000000084100000, 0x0000000084200000|  0%| F|  |TAMS 0x0000000084100000, 0x0000000084100000| Untracked 
|  26|0x0000000084200000, 0x0000000084200000, 0x0000000084300000|  0%| F|  |TAMS 0x0000000084200000, 0x0000000084200000| Untracked 
|  27|0x0000000084300000, 0x0000000084400000, 0x0000000084400000|100%|HS|  |TAMS 0x0000000084300000, 0x0000000084300000| Complete 
|  28|0x0000000084400000, 0x0000000084500000, 0x0000000084500000|100%| O|  |TAMS 0x0000000084400000, 0x0000000084400000| Untracked 
|  29|0x0000000084500000, 0x0000000084600000, 0x0000000084600000|100%| O|  |TAMS 0x0000000084500000, 0x0000000084500000| Untracked 
|  30|0x0000000084600000, 0x0000000084700000, 0x0000000084700000|100%| O|  |TAMS 0x0000000084600000, 0x0000000084600000| Untracked 
|  31|0x0000000084700000, 0x0000000084800000, 0x0000000084800000|100%| O|  |TAMS 0x0000000084700000, 0x0000000084700000| Untracked 
|  32|0x0000000084800000, 0x0000000084900000, 0x0000000084900000|100%| O|  |TAMS 0x0000000084800000, 0x0000000084800000| Untracked 
|  33|0x0000000084900000, 0x0000000084a00000, 0x0000000084a00000|100%| O|  |TAMS 0x0000000084900000, 0x0000000084900000| Untracked 
|  34|0x0000000084a00000, 0x0000000084a68000, 0x0000000084b00000| 40%| O|  |TAMS 0x0000000084a00000, 0x0000000084a00000| Untracked 
|  35|0x0000000084b00000, 0x0000000084b00000, 0x0000000084c00000|  0%| F|  |TAMS 0x0000000084b00000, 0x0000000084b00000| Untracked 
|  36|0x0000000084c00000, 0x0000000084c00000, 0x0000000084d00000|  0%| F|  |TAMS 0x0000000084c00000, 0x0000000084c00000| Untracked 
|  37|0x0000000084d00000, 0x0000000084d00000, 0x0000000084e00000|  0%| F|  |TAMS 0x0000000084d00000, 0x0000000084d00000| Untracked 
|  38|0x0000000084e00000, 0x0000000084e00000, 0x0000000084f00000|  0%| F|  |TAMS 0x0000000084e00000, 0x0000000084e00000| Untracked 
|  39|0x0000000084f00000, 0x0000000084f00000, 0x0000000085000000|  0%| F|  |TAMS 0x0000000084f00000, 0x0000000084f00000| Untracked 
|  40|0x0000000085000000, 0x0000000085000000, 0x0000000085100000|  0%| F|  |TAMS 0x0000000085000000, 0x0000000085000000| Untracked 
|  41|0x0000000085100000, 0x0000000085100000, 0x0000000085200000|  0%| F|  |TAMS 0x0000000085100000, 0x0000000085100000| Untracked 
|  42|0x0000000085200000, 0x0000000085200000, 0x0000000085300000|  0%| F|  |TAMS 0x0000000085200000, 0x0000000085200000| Untracked 
|  43|0x0000000085300000, 0x0000000085300000, 0x0000000085400000|  0%| F|  |TAMS 0x0000000085300000, 0x0000000085300000| Untracked 
|  44|0x0000000085400000, 0x0000000085400000, 0x0000000085500000|  0%| F|  |TAMS 0x0000000085400000, 0x0000000085400000| Untracked 
|  45|0x0000000085500000, 0x0000000085500000, 0x0000000085600000|  0%| F|  |TAMS 0x0000000085500000, 0x0000000085500000| Untracked 
|  46|0x0000000085600000, 0x0000000085600000, 0x0000000085700000|  0%| F|  |TAMS 0x0000000085600000, 0x0000000085600000| Untracked 
|  47|0x0000000085700000, 0x0000000085700000, 0x0000000085800000|  0%| F|  |TAMS 0x0000000085700000, 0x0000000085700000| Untracked 
|  48|0x0000000085800000, 0x0000000085800000, 0x0000000085900000|  0%| F|  |TAMS 0x0000000085800000, 0x0000000085800000| Untracked 
|  49|0x0000000085900000, 0x0000000085900000, 0x0000000085a00000|  0%| F|  |TAMS 0x0000000085900000, 0x0000000085900000| Untracked 
|  50|0x0000000085a00000, 0x0000000085a00000, 0x0000000085b00000|  0%| F|  |TAMS 0x0000000085a00000, 0x0000000085a00000| Untracked 
|  51|0x0000000085b00000, 0x0000000085b00000, 0x0000000085c00000|  0%| F|  |TAMS 0x0000000085b00000, 0x0000000085b00000| Untracked 
|  52|0x0000000085c00000, 0x0000000085c00000, 0x0000000085d00000|  0%| F|  |TAMS 0x0000000085c00000, 0x0000000085c00000| Untracked 
|  53|0x0000000085d00000, 0x0000000085d00000, 0x0000000085e00000|  0%| F|  |TAMS 0x0000000085d00000, 0x0000000085d00000| Untracked 
|  54|0x0000000085e00000, 0x0000000085e00000, 0x0000000085f00000|  0%| F|  |TAMS 0x0000000085e00000, 0x0000000085e00000| Untracked 
|  55|0x0000000085f00000, 0x0000000085f00000, 0x0000000086000000|  0%| F|  |TAMS 0x0000000085f00000, 0x0000000085f00000| Untracked 
|  56|0x0000000086000000, 0x0000000086000000, 0x0000000086100000|  0%| F|  |TAMS 0x0000000086000000, 0x0000000086000000| Untracked 
|  57|0x0000000086100000, 0x0000000086100000, 0x0000000086200000|  0%| F|  |TAMS 0x0000000086100000, 0x0000000086100000| Untracked 
|  58|0x0000000086200000, 0x0000000086200000, 0x0000000086300000|  0%| F|  |TAMS 0x0000000086200000, 0x0000000086200000| Untracked 
|  59|0x0000000086300000, 0x0000000086300000, 0x0000000086400000|  0%| F|  |TAMS 0x0000000086300000, 0x0000000086300000| Untracked 
|  60|0x0000000086400000, 0x0000000086400000, 0x0000000086500000|  0%| F|  |TAMS 0x0000000086400000, 0x0000000086400000| Untracked 
|  61|0x0000000086500000, 0x0000000086500000, 0x0000000086600000|  0%| F|  |TAMS 0x0000000086500000, 0x0000000086500000| Untracked 
|  62|0x0000000086600000, 0x0000000086600000, 0x0000000086700000|  0%| F|  |TAMS 0x0000000086600000, 0x0000000086600000| Untracked 
|  63|0x0000000086700000, 0x0000000086700000, 0x0000000086800000|  0%| F|  |TAMS 0x0000000086700000, 0x0000000086700000| Untracked 
|  64|0x0000000086800000, 0x0000000086800000, 0x0000000086900000|  0%| F|  |TAMS 0x0000000086800000, 0x0000000086800000| Untracked 
|  65|0x0000000086900000, 0x0000000086900000, 0x0000000086a00000|  0%| F|  |TAMS 0x0000000086900000, 0x0000000086900000| Untracked 
|  66|0x0000000086a00000, 0x0000000086a00000, 0x0000000086b00000|  0%| F|  |TAMS 0x0000000086a00000, 0x0000000086a00000| Untracked 
|  67|0x0000000086b00000, 0x0000000086c00000, 0x0000000086c00000|100%| S|CS|TAMS 0x0000000086b00000, 0x0000000086b00000| Complete 
|  68|0x0000000086c00000, 0x0000000086d00000, 0x0000000086d00000|100%| S|CS|TAMS 0x0000000086c00000, 0x0000000086c00000| Complete 
|  69|0x0000000086d00000, 0x0000000086e00000, 0x0000000086e00000|100%| S|CS|TAMS 0x0000000086d00000, 0x0000000086d00000| Complete 
|  70|0x0000000086e00000, 0x0000000086f00000, 0x0000000086f00000|100%| S|CS|TAMS 0x0000000086e00000, 0x0000000086e00000| Complete 
|  71|0x0000000086f00000, 0x0000000086f00000, 0x0000000087000000|  0%| F|  |TAMS 0x0000000086f00000, 0x0000000086f00000| Untracked 
|  72|0x0000000087000000, 0x0000000087000000, 0x0000000087100000|  0%| F|  |TAMS 0x0000000087000000, 0x0000000087000000| Untracked 
|  73|0x0000000087100000, 0x0000000087100000, 0x0000000087200000|  0%| F|  |TAMS 0x0000000087100000, 0x0000000087100000| Untracked 
|  74|0x0000000087200000, 0x0000000087200000, 0x0000000087300000|  0%| F|  |TAMS 0x0000000087200000, 0x0000000087200000| Untracked 
|  75|0x0000000087300000, 0x0000000087300000, 0x0000000087400000|  0%| F|  |TAMS 0x0000000087300000, 0x0000000087300000| Untracked 
|  76|0x0000000087400000, 0x0000000087400000, 0x0000000087500000|  0%| F|  |TAMS 0x0000000087400000, 0x0000000087400000| Untracked 
|  77|0x0000000087500000, 0x0000000087500000, 0x0000000087600000|  0%| F|  |TAMS 0x0000000087500000, 0x0000000087500000| Untracked 
|  78|0x0000000087600000, 0x0000000087700000, 0x0000000087700000|100%| S|CS|TAMS 0x0000000087600000, 0x0000000087600000| Complete 
|  79|0x0000000087700000, 0x0000000087800000, 0x0000000087800000|100%| S|CS|TAMS 0x0000000087700000, 0x0000000087700000| Complete 
|  80|0x0000000087800000, 0x0000000087900000, 0x0000000087900000|100%| S|CS|TAMS 0x0000000087800000, 0x0000000087800000| Complete 
|  81|0x0000000087900000, 0x0000000087900000, 0x0000000087a00000|  0%| F|  |TAMS 0x0000000087900000, 0x0000000087900000| Untracked 
|  82|0x0000000087a00000, 0x0000000087a00000, 0x0000000087b00000|  0%| F|  |TAMS 0x0000000087a00000, 0x0000000087a00000| Untracked 
|  83|0x0000000087b00000, 0x0000000087b00000, 0x0000000087c00000|  0%| F|  |TAMS 0x0000000087b00000, 0x0000000087b00000| Untracked 
|  84|0x0000000087c00000, 0x0000000087c00000, 0x0000000087d00000|  0%| F|  |TAMS 0x0000000087c00000, 0x0000000087c00000| Untracked 
|  85|0x0000000087d00000, 0x0000000087d00000, 0x0000000087e00000|  0%| F|  |TAMS 0x0000000087d00000, 0x0000000087d00000| Untracked 
|  86|0x0000000087e00000, 0x0000000087e00000, 0x0000000087f00000|  0%| F|  |TAMS 0x0000000087e00000, 0x0000000087e00000| Untracked 
|  87|0x0000000087f00000, 0x0000000087f00000, 0x0000000088000000|  0%| F|  |TAMS 0x0000000087f00000, 0x0000000087f00000| Untracked 
|  88|0x0000000088000000, 0x0000000088000000, 0x0000000088100000|  0%| F|  |TAMS 0x0000000088000000, 0x0000000088000000| Untracked 
|  89|0x0000000088100000, 0x0000000088100000, 0x0000000088200000|  0%| F|  |TAMS 0x0000000088100000, 0x0000000088100000| Untracked 
|  90|0x0000000088200000, 0x0000000088200000, 0x0000000088300000|  0%| F|  |TAMS 0x0000000088200000, 0x0000000088200000| Untracked 
|  91|0x0000000088300000, 0x0000000088300000, 0x0000000088400000|  0%| F|  |TAMS 0x0000000088300000, 0x0000000088300000| Untracked 
|  92|0x0000000088400000, 0x0000000088400000, 0x0000000088500000|  0%| F|  |TAMS 0x0000000088400000, 0x0000000088400000| Untracked 
|  93|0x0000000088500000, 0x0000000088500000, 0x0000000088600000|  0%| F|  |TAMS 0x0000000088500000, 0x0000000088500000| Untracked 
|  94|0x0000000088600000, 0x0000000088600000, 0x0000000088700000|  0%| F|  |TAMS 0x0000000088600000, 0x0000000088600000| Untracked 
|  95|0x0000000088700000, 0x0000000088700000, 0x0000000088800000|  0%| F|  |TAMS 0x0000000088700000, 0x0000000088700000| Untracked 
|  96|0x0000000088800000, 0x0000000088800000, 0x0000000088900000|  0%| F|  |TAMS 0x0000000088800000, 0x0000000088800000| Untracked 
|  97|0x0000000088900000, 0x0000000088900000, 0x0000000088a00000|  0%| F|  |TAMS 0x0000000088900000, 0x0000000088900000| Untracked 
|  98|0x0000000088a00000, 0x0000000088a00000, 0x0000000088b00000|  0%| F|  |TAMS 0x0000000088a00000, 0x0000000088a00000| Untracked 
|  99|0x0000000088b00000, 0x0000000088b00000, 0x0000000088c00000|  0%| F|  |TAMS 0x0000000088b00000, 0x0000000088b00000| Untracked 
| 100|0x0000000088c00000, 0x0000000088c00000, 0x0000000088d00000|  0%| F|  |TAMS 0x0000000088c00000, 0x0000000088c00000| Untracked 
| 101|0x0000000088d00000, 0x0000000088d00000, 0x0000000088e00000|  0%| F|  |TAMS 0x0000000088d00000, 0x0000000088d00000| Untracked 
| 102|0x0000000088e00000, 0x0000000088e00000, 0x0000000088f00000|  0%| F|  |TAMS 0x0000000088e00000, 0x0000000088e00000| Untracked 
| 103|0x0000000088f00000, 0x0000000088f00000, 0x0000000089000000|  0%| F|  |TAMS 0x0000000088f00000, 0x0000000088f00000| Untracked 
| 104|0x0000000089000000, 0x0000000089000000, 0x0000000089100000|  0%| F|  |TAMS 0x0000000089000000, 0x0000000089000000| Untracked 
| 105|0x0000000089100000, 0x0000000089100000, 0x0000000089200000|  0%| F|  |TAMS 0x0000000089100000, 0x0000000089100000| Untracked 
| 106|0x0000000089200000, 0x0000000089200000, 0x0000000089300000|  0%| F|  |TAMS 0x0000000089200000, 0x0000000089200000| Untracked 
| 107|0x0000000089300000, 0x0000000089300000, 0x0000000089400000|  0%| F|  |TAMS 0x0000000089300000, 0x0000000089300000| Untracked 
| 108|0x0000000089400000, 0x0000000089400000, 0x0000000089500000|  0%| F|  |TAMS 0x0000000089400000, 0x0000000089400000| Untracked 
| 109|0x0000000089500000, 0x0000000089500000, 0x0000000089600000|  0%| F|  |TAMS 0x0000000089500000, 0x0000000089500000| Untracked 
| 110|0x0000000089600000, 0x0000000089600000, 0x0000000089700000|  0%| F|  |TAMS 0x0000000089600000, 0x0000000089600000| Untracked 
| 111|0x0000000089700000, 0x0000000089700000, 0x0000000089800000|  0%| F|  |TAMS 0x0000000089700000, 0x0000000089700000| Untracked 
| 112|0x0000000089800000, 0x0000000089800000, 0x0000000089900000|  0%| F|  |TAMS 0x0000000089800000, 0x0000000089800000| Untracked 
| 113|0x0000000089900000, 0x0000000089900000, 0x0000000089a00000|  0%| F|  |TAMS 0x0000000089900000, 0x0000000089900000| Untracked 
| 114|0x0000000089a00000, 0x0000000089a00000, 0x0000000089b00000|  0%| F|  |TAMS 0x0000000089a00000, 0x0000000089a00000| Untracked 
| 115|0x0000000089b00000, 0x0000000089b00000, 0x0000000089c00000|  0%| F|  |TAMS 0x0000000089b00000, 0x0000000089b00000| Untracked 
| 116|0x0000000089c00000, 0x0000000089c00000, 0x0000000089d00000|  0%| F|  |TAMS 0x0000000089c00000, 0x0000000089c00000| Untracked 
| 117|0x0000000089d00000, 0x0000000089d00000, 0x0000000089e00000|  0%| F|  |TAMS 0x0000000089d00000, 0x0000000089d00000| Untracked 
| 118|0x0000000089e00000, 0x0000000089e00000, 0x0000000089f00000|  0%| F|  |TAMS 0x0000000089e00000, 0x0000000089e00000| Untracked 
| 119|0x0000000089f00000, 0x0000000089f00000, 0x000000008a000000|  0%| F|  |TAMS 0x0000000089f00000, 0x0000000089f00000| Untracked 
| 120|0x000000008a000000, 0x000000008a000000, 0x000000008a100000|  0%| F|  |TAMS 0x000000008a000000, 0x000000008a000000| Untracked 
| 121|0x000000008a100000, 0x000000008a1fb668, 0x000000008a200000| 98%| E|  |TAMS 0x000000008a100000, 0x000000008a100000| Complete 
| 122|0x000000008a200000, 0x000000008a300000, 0x000000008a300000|100%| E|CS|TAMS 0x000000008a200000, 0x000000008a200000| Complete 
| 123|0x000000008a300000, 0x000000008a400000, 0x000000008a400000|100%| E|CS|TAMS 0x000000008a300000, 0x000000008a300000| Complete 
| 124|0x000000008a400000, 0x000000008a500000, 0x000000008a500000|100%| E|CS|TAMS 0x000000008a400000, 0x000000008a400000| Complete 
| 125|0x000000008a500000, 0x000000008a600000, 0x000000008a600000|100%| E|CS|TAMS 0x000000008a500000, 0x000000008a500000| Complete 

Card table byte_map: [0x0000026678900000,0x0000026678cf0000] _byte_map_base: 0x00000266784ec000

Marking Bits (Prev, Next): (CMBitMap*) 0x0000026661228570, (CMBitMap*) 0x0000026661228538
 Prev Bits: [0x000002667b040000, 0x000002667cfa0000)
 Next Bits: [0x00000266790e0000, 0x000002667b040000)

Polling page: 0x000002665efd0000

Metaspace:

Usage:
  Non-class:     28.26 MB capacity,    27.53 MB ( 97%) used,   602.59 KB (  2%) free+waste,   146.94 KB ( <1%) overhead. 
      Class:      4.45 MB capacity,     3.91 MB ( 88%) used,   474.77 KB ( 10%) free+waste,    71.94 KB (  2%) overhead. 
       Both:     32.71 MB capacity,    31.45 MB ( 96%) used,     1.05 MB (  3%) free+waste,   218.88 KB ( <1%) overhead. 

Virtual space:
  Non-class space:       30.00 MB reserved,      28.50 MB ( 95%) committed 
      Class space:        1.00 GB reserved,       4.50 MB ( <1%) committed 
             Both:        1.03 GB reserved,      33.00 MB (  3%) committed 

Chunk freelists:
   Non-Class:  0 bytes
       Class:  0 bytes
        Both:  0 bytes

CodeHeap 'non-profiled nmethods': size=120064Kb used=1895Kb max_used=2203Kb free=118168Kb
 bounds [0x0000026670fd0000, 0x0000026671240000, 0x0000026678510000]
CodeHeap 'profiled nmethods': size=120000Kb used=7883Kb max_used=9215Kb free=112116Kb
 bounds [0x0000026669aa0000, 0x000002666a3a0000, 0x0000026670fd0000]
CodeHeap 'non-nmethods': size=5696Kb used=1468Kb max_used=1490Kb free=4227Kb
 bounds [0x0000026669510000, 0x0000026669780000, 0x0000026669aa0000]
 total_blobs=6040 nmethods=3904 adapters=756
 compilation: enabled
              stopped_count=0, restarted_count=0
 full_count=0

Compilation events (10 events):
Event: 123.802 Thread 0x000002667f4b6000 4382       3       java.util.concurrent.AbstractExecutorService::submit (26 bytes)
Event: 123.802 Thread 0x000002667f4b6000 nmethod 4382 0x0000026669aa4010 code [0x0000026669aa4200, 0x0000026669aa4610]
Event: 123.803 Thread 0x000002667f4b6000 4383       3       com.sun.javafx.tk.quantum.QuantumRenderer::newTaskFor (5 bytes)
Event: 123.803 Thread 0x000002667f4b6000 nmethod 4383 0x0000026669aa3b10 code [0x0000026669aa3cc0, 0x0000026669aa3f18]
Event: 123.803 Thread 0x000002667f4b6000 4384   !   3       java.util.concurrent.LinkedBlockingQueue::signalNotEmpty (33 bytes)
Event: 123.804 Thread 0x000002667f4b6000 nmethod 4384 0x0000026669abd590 code [0x0000026669abd820, 0x0000026669abe350]
Event: 123.825 Thread 0x000002667f4b3000 4385       4       com.sun.javafx.tk.quantum.QuantumToolkit::postPulse (106 bytes)
Event: 123.833 Thread 0x000002667f4b3000 nmethod 4385 0x0000026670fe2b10 code [0x0000026670fe2ce0, 0x0000026670fe3058]
Event: 123.833 Thread 0x000002667f4b3000 4386       4       com.sun.javafx.tk.quantum.QuantumToolkit$$Lambda$94/0x0000000100104c40::run (8 bytes)
Event: 123.842 Thread 0x000002667f4b3000 nmethod 4386 0x0000026670fe2090 code [0x0000026670fe2280, 0x0000026670fe26c8]

GC Heap History (6 events):
Event: 1.205 GC heap before
{Heap before GC invocations=0 (full 0):
 garbage-first heap   total 129024K, used 14336K [0x0000000082800000, 0x0000000100000000)
  region size 1024K, 14 young (14336K), 0 survivors (0K)
 Metaspace       used 8662K, capacity 8892K, committed 9216K, reserved 1056768K
  class space    used 837K, capacity 923K, committed 1024K, reserved 1048576K
}
Event: 1.213 GC heap after
{Heap after GC invocations=1 (full 0):
 garbage-first heap   total 129024K, used 3972K [0x0000000082800000, 0x0000000100000000)
  region size 1024K, 2 young (2048K), 2 survivors (2048K)
 Metaspace       used 8662K, capacity 8892K, committed 9216K, reserved 1056768K
  class space    used 837K, capacity 923K, committed 1024K, reserved 1048576K
}
Event: 3.368 GC heap before
{Heap before GC invocations=1 (full 0):
 garbage-first heap   total 129024K, used 60292K [0x0000000082800000, 0x0000000100000000)
  region size 1024K, 48 young (49152K), 2 survivors (2048K)
 Metaspace       used 20535K, capacity 21190K, committed 21296K, reserved 1069056K
  class space    used 2484K, capacity 2754K, committed 2816K, reserved 1048576K
}
Event: 3.396 GC heap after
{Heap after GC invocations=2 (full 0):
 garbage-first heap   total 129024K, used 16417K [0x0000000082800000, 0x0000000100000000)
  region size 1024K, 7 young (7168K), 7 survivors (7168K)
 Metaspace       used 20535K, capacity 21190K, committed 21296K, reserved 1069056K
  class space    used 2484K, capacity 2754K, committed 2816K, reserved 1048576K
}
Event: 16.692 GC heap before
{Heap before GC invocations=3 (full 0):
 garbage-first heap   total 129024K, used 80929K [0x0000000082800000, 0x0000000100000000)
  region size 1024K, 52 young (53248K), 7 survivors (7168K)
 Metaspace       used 31719K, capacity 32910K, committed 33152K, reserved 1077248K
  class space    used 3915K, capacity 4403K, committed 4480K, reserved 1048576K
}
Event: 16.711 GC heap after
{Heap after GC invocations=4 (full 0):
 garbage-first heap   total 129024K, used 36256K [0x0000000082800000, 0x0000000100000000)
  region size 1024K, 7 young (7168K), 7 survivors (7168K)
 Metaspace       used 31719K, capacity 32910K, committed 33152K, reserved 1077248K
  class space    used 3915K, capacity 4403K, committed 4480K, reserved 1048576K
}

Deoptimization events (10 events):
Event: 14.405 Thread 0x0000026600207800 Uncommon trap: reason=class_check action=maybe_recompile pc=0x00000266711ab004 method=com.sun.prism.impl.ps.BaseShaderContext.setRenderTarget(Lcom/sun/prism/RenderTarget;Lcom/sun/javafx/sg/prism/NGCamera;ZZ)V @ 1 c2
Event: 14.405 Thread 0x0000026600207800 Uncommon trap: reason=class_check action=maybe_recompile pc=0x00000266711ab004 method=com.sun.prism.impl.ps.BaseShaderContext.setRenderTarget(Lcom/sun/prism/RenderTarget;Lcom/sun/javafx/sg/prism/NGCamera;ZZ)V @ 1 c2
Event: 16.578 Thread 0x0000026600207800 Uncommon trap: reason=class_check action=maybe_recompile pc=0x00000266711ab004 method=com.sun.prism.impl.ps.BaseShaderContext.setRenderTarget(Lcom/sun/prism/RenderTarget;Lcom/sun/javafx/sg/prism/NGCamera;ZZ)V @ 1 c2
Event: 16.578 Thread 0x0000026600207800 Uncommon trap: reason=class_check action=maybe_recompile pc=0x00000266711ab004 method=com.sun.prism.impl.ps.BaseShaderContext.setRenderTarget(Lcom/sun/prism/RenderTarget;Lcom/sun/javafx/sg/prism/NGCamera;ZZ)V @ 1 c2
Event: 16.712 Thread 0x00000266006fd800 Uncommon trap: reason=unstable_if action=reinterpret pc=0x00000266710b6644 method=java.lang.invoke.MethodType$ConcurrentWeakInternSet$WeakEntry.equals(Ljava/lang/Object;)Z @ 21 c2
Event: 16.713 Thread 0x00000266006fd800 Uncommon trap: reason=unstable_if action=reinterpret pc=0x00000266710be0fc method=java.lang.invoke.MethodType$ConcurrentWeakInternSet$WeakEntry.equals(Ljava/lang/Object;)Z @ 21 c2
Event: 16.713 Thread 0x00000266006fd800 Uncommon trap: reason=unstable_if action=reinterpret pc=0x000002667109167c method=java.lang.invoke.MethodType$ConcurrentWeakInternSet$WeakEntry.equals(Ljava/lang/Object;)Z @ 21 c2
Event: 16.713 Thread 0x00000266006fd800 Uncommon trap: reason=unstable_if action=reinterpret pc=0x000002667103b98c method=java.util.concurrent.ConcurrentHashMap.get(Ljava/lang/Object;)Ljava/lang/Object; @ 76 c2
Event: 30.809 Thread 0x00000266006fd800 Uncommon trap: reason=unstable_if action=reinterpret pc=0x000002667102a3e0 method=java.lang.AbstractStringBuilder.append(Ljava/lang/String;)Ljava/lang/AbstractStringBuilder; @ 1 c2
Event: 62.600 Thread 0x00000266006fd800 Uncommon trap: reason=unstable_if action=reinterpret pc=0x0000026671040d80 method=java.lang.AbstractStringBuilder.append(Ljava/lang/String;)Ljava/lang/AbstractStringBuilder; @ 1 c2

Classes redefined (0 events):
No events

Internal exceptions (10 events):
Event: 13.940 Thread 0x00000266006fd800 Exception <a 'java/io/FileNotFoundException'{0x000000008829fa98}> (0x000000008829fa98) thrown at [t:/workspace/open/src/hotspot/share/prims/jni.cpp, line 615]
Event: 16.564 Thread 0x00000266006fd800 Exception <a 'java/lang/NoSuchMethodError'{0x000000008794b168}: java.lang.invoke.DirectMethodHandle$Holder.invokeVirtual(Ljava/lang/Object;Ljava/lang/Object;)I> (0x000000008794b168) thrown at [t:/workspace/open/src/hotspot/share/interpreter/linkResolver.c
Event: 16.565 Thread 0x00000266006fd800 Exception <a 'java/lang/NoSuchMethodError'{0x0000000087951330}: java.lang.invoke.DirectMethodHandle$Holder.invokeVirtual(Ljava/lang/Object;Ljava/lang/Object;I)V> (0x0000000087951330) thrown at [t:/workspace/open/src/hotspot/share/interpreter/linkResolver.
Event: 16.712 Thread 0x00000266006fd800 Implicit null exception at 0x00000266710b4124 to 0x00000266710b65de
Event: 16.713 Thread 0x00000266006fd800 Implicit null exception at 0x00000266710bc319 to 0x00000266710be0b2
Event: 16.713 Thread 0x00000266006fd800 Implicit null exception at 0x00000266710913ae to 0x0000026671091662
Event: 16.993 Thread 0x00000266006fd800 Exception <a 'java/lang/NoSuchMethodError'{0x000000008a3b3aa8}: java.lang.invoke.DirectMethodHandle$Holder.invokeStatic(Ljava/lang/Object;Ljava/lang/Object;Ljava/lang/Object;Ljava/lang/Object;Ljava/lang/Object;Ljava/lang/Object;I)Ljava/lang/Object;> (0x00
Event: 30.809 Thread 0x00000266006fd800 Implicit null exception at 0x0000026671029d97 to 0x000002667102a3c2
Event: 62.600 Thread 0x00000266006fd800 Implicit null exception at 0x0000026671040717 to 0x0000026671040d6a
Event: 123.862 Thread 0x0000026601a09800 Exception <a 'java/lang/IllegalStateException'{0x000000008a1d7eb8}> (0x000000008a1d7eb8) thrown at [t:/workspace/open/src/hotspot/share/prims/jvm.cpp, line 1312]

Events (10 events):
Event: 123.861 Executing VM operation: RevokeBias done
Event: 123.861 loading class com/sun/javafx/tk/quantum/QuantumRenderer
Event: 123.861 loading class com/sun/javafx/tk/quantum/QuantumRenderer done
Event: 123.861 Thread 0x0000026601a02800 Thread exited: 0x0000026601a02800
Event: 123.862 loading class com/sun/javafx/tk/quantum/QuantumToolkit
Event: 123.862 loading class com/sun/javafx/tk/quantum/QuantumToolkit done
Event: 123.862 Thread 0x0000026600207800 DEOPT PACKING pc=0x0000026669fd72cc sp=0x000000d926cff140
Event: 123.862 Thread 0x0000026600207800 DEOPT UNPACKING pc=0x000002666954d44e sp=0x000000d926cfe608 mode 1
Event: 123.862 Thread 0x0000026601a09800 Thread exited: 0x0000026601a09800
Event: 123.863 Executing VM operation: Exit


Dynamic libraries:
0x00007ff6460f0000 - 0x00007ff646137000 	C:\Program Files\Java\jdk-11.0.1\bin\java.exe
0x00007ff8651a0000 - 0x00007ff865381000 	C:\Windows\SYSTEM32\ntdll.dll
0x00007ff864400000 - 0x00007ff8644b2000 	C:\Windows\System32\KERNEL32.DLL
0x00007ff8619c0000 - 0x00007ff861c33000 	C:\Windows\System32\KERNELBASE.dll
0x00007ff8648b0000 - 0x00007ff864951000 	C:\Windows\System32\ADVAPI32.dll
0x00007ff864530000 - 0x00007ff8645ce000 	C:\Windows\System32\msvcrt.dll
0x00007ff862630000 - 0x00007ff86268b000 	C:\Windows\System32\sechost.dll
0x00007ff865030000 - 0x00007ff865154000 	C:\Windows\System32\RPCRT4.dll
0x00007ff864960000 - 0x00007ff864af0000 	C:\Windows\System32\USER32.dll
0x00007ff861610000 - 0x00007ff861630000 	C:\Windows\System32\win32u.dll
0x00007ff862690000 - 0x00007ff8626b8000 	C:\Windows\System32\GDI32.dll
0x00007ff861820000 - 0x00007ff8619b2000 	C:\Windows\System32\gdi32full.dll
0x00007ff861570000 - 0x00007ff86160f000 	C:\Windows\System32\msvcp_win.dll
0x00007ff861c90000 - 0x00007ff861d8a000 	C:\Windows\System32\ucrtbase.dll
0x00007ff84f490000 - 0x00007ff84f6f9000 	C:\Windows\WinSxS\amd64_microsoft.windows.common-controls_6595b64144ccf1df_6.0.17134.523_none_fb409dd930672a56\COMCTL32.dll
0x00007ff84fd20000 - 0x00007ff84fd2a000 	C:\Windows\SYSTEM32\VERSION.dll
0x00007ff864d00000 - 0x00007ff865022000 	C:\Windows\System32\combase.dll
0x00007ff8625b0000 - 0x00007ff86262a000 	C:\Windows\System32\bcryptPrimitives.dll
0x00007ff863c20000 - 0x00007ff863c4d000 	C:\Windows\System32\IMM32.DLL
0x00007ff83a200000 - 0x00007ff83a216000 	C:\Program Files\Java\jdk-11.0.1\bin\vcruntime140.dll
0x00007ff824930000 - 0x00007ff8249da000 	C:\Program Files\Java\jdk-11.0.1\bin\msvcp140.dll
0x00007ff815540000 - 0x00007ff816082000 	C:\Program Files\Java\jdk-11.0.1\bin\server\jvm.dll
0x00007ff8627d0000 - 0x00007ff8627d8000 	C:\Windows\System32\PSAPI.DLL
0x00007ff84c0f0000 - 0x00007ff84c0f9000 	C:\Windows\SYSTEM32\WSOCK32.dll
0x00007ff85d5b0000 - 0x00007ff85d5d3000 	C:\Windows\SYSTEM32\WINMM.dll
0x00007ff8644c0000 - 0x00007ff86452c000 	C:\Windows\System32\WS2_32.dll
0x00007ff85d580000 - 0x00007ff85d5aa000 	C:\Windows\SYSTEM32\WINMMBASE.dll
0x00007ff861c40000 - 0x00007ff861c89000 	C:\Windows\System32\cfgmgr32.dll
0x00007ff8614e0000 - 0x00007ff8614f1000 	C:\Windows\System32\kernel.appcore.dll
0x00007ff831330000 - 0x00007ff831341000 	C:\Program Files\Java\jdk-11.0.1\bin\verify.dll
0x00007ff85fdc0000 - 0x00007ff85ff89000 	C:\Windows\SYSTEM32\DBGHELP.DLL
0x00007ff84c100000 - 0x00007ff84c129000 	C:\Windows\SYSTEM32\dbgcore.DLL
0x00007ff831300000 - 0x00007ff831329000 	C:\Program Files\Java\jdk-11.0.1\bin\java.dll
0x00007ff854880000 - 0x00007ff8548b7000 	C:\Program Files\Java\jdk-11.0.1\bin\jdwp.dll
0x00007ff8501b0000 - 0x00007ff8501df000 	C:\Program Files\Java\jdk-11.0.1\bin\instrument.dll
0x00007ff8312e0000 - 0x00007ff8312f6000 	C:\Program Files\Java\jdk-11.0.1\bin\zip.dll
0x00007ff833d70000 - 0x00007ff833d7a000 	C:\Program Files\Java\jdk-11.0.1\bin\jimage.dll
0x00007ff8627e0000 - 0x00007ff863c20000 	C:\Windows\System32\SHELL32.dll
0x00007ff864c50000 - 0x00007ff864cf9000 	C:\Windows\System32\shcore.dll
0x00007ff861ea0000 - 0x00007ff8625ad000 	C:\Windows\System32\windows.storage.dll
0x00007ff864bf0000 - 0x00007ff864c41000 	C:\Windows\System32\shlwapi.dll
0x00007ff861550000 - 0x00007ff86156f000 	C:\Windows\System32\profapi.dll
0x00007ff861500000 - 0x00007ff86154c000 	C:\Windows\System32\powrprof.dll
0x00007ff8614d0000 - 0x00007ff8614da000 	C:\Windows\System32\FLTLIB.DLL
0x00007ff82a610000 - 0x00007ff82a629000 	C:\Program Files\Java\jdk-11.0.1\bin\net.dll
0x00007ff857d50000 - 0x00007ff857e2d000 	C:\Windows\SYSTEM32\WINHTTP.dll
0x00007ff860d30000 - 0x00007ff860d96000 	C:\Windows\system32\mswsock.dll
0x00007ff82a330000 - 0x00007ff82a343000 	C:\Program Files\Java\jdk-11.0.1\bin\nio.dll
0x00007ff85d050000 - 0x00007ff85d05a000 	C:\Program Files\Java\jdk-11.0.1\bin\dt_socket.dll
0x0000026603060000 - 0x0000026603063000 	C:\Program Files\Java\javafx-sdk-11.0.2\bin\api-ms-win-core-console-l1-1-0.dll
0x0000026603070000 - 0x0000026603073000 	C:\Program Files\Java\javafx-sdk-11.0.2\bin\api-ms-win-core-datetime-l1-1-0.dll
0x0000026603080000 - 0x0000026603083000 	C:\Program Files\Java\javafx-sdk-11.0.2\bin\api-ms-win-core-debug-l1-1-0.dll
0x0000026603090000 - 0x0000026603093000 	C:\Program Files\Java\javafx-sdk-11.0.2\bin\api-ms-win-core-errorhandling-l1-1-0.dll
0x00000266030a0000 - 0x00000266030a4000 	C:\Program Files\Java\javafx-sdk-11.0.2\bin\api-ms-win-core-file-l1-1-0.dll
0x00000266030b0000 - 0x00000266030b3000 	C:\Program Files\Java\javafx-sdk-11.0.2\bin\api-ms-win-core-file-l1-2-0.dll
0x00000266030c0000 - 0x00000266030c3000 	C:\Program Files\Java\javafx-sdk-11.0.2\bin\api-ms-win-core-file-l2-1-0.dll
0x00000266030d0000 - 0x00000266030d3000 	C:\Program Files\Java\javafx-sdk-11.0.2\bin\api-ms-win-core-handle-l1-1-0.dll
0x00000266030e0000 - 0x00000266030e3000 	C:\Program Files\Java\javafx-sdk-11.0.2\bin\api-ms-win-core-heap-l1-1-0.dll
0x00000266030f0000 - 0x00000266030f3000 	C:\Program Files\Java\javafx-sdk-11.0.2\bin\api-ms-win-core-interlocked-l1-1-0.dll
0x0000026603100000 - 0x0000026603103000 	C:\Program Files\Java\javafx-sdk-11.0.2\bin\api-ms-win-core-libraryloader-l1-1-0.dll
0x0000026603110000 - 0x0000026603113000 	C:\Program Files\Java\javafx-sdk-11.0.2\bin\api-ms-win-core-localization-l1-2-0.dll
0x0000026603120000 - 0x0000026603123000 	C:\Program Files\Java\javafx-sdk-11.0.2\bin\api-ms-win-core-memory-l1-1-0.dll
0x0000026603130000 - 0x0000026603133000 	C:\Program Files\Java\javafx-sdk-11.0.2\bin\api-ms-win-core-namedpipe-l1-1-0.dll
0x0000026603140000 - 0x0000026603143000 	C:\Program Files\Java\javafx-sdk-11.0.2\bin\api-ms-win-core-processenvironment-l1-1-0.dll
0x0000026603150000 - 0x0000026603153000 	C:\Program Files\Java\javafx-sdk-11.0.2\bin\api-ms-win-core-processthreads-l1-1-0.dll
0x0000026603160000 - 0x0000026603163000 	C:\Program Files\Java\javafx-sdk-11.0.2\bin\api-ms-win-core-processthreads-l1-1-1.dll
0x0000026603170000 - 0x0000026603173000 	C:\Program Files\Java\javafx-sdk-11.0.2\bin\api-ms-win-core-profile-l1-1-0.dll
0x0000026603180000 - 0x0000026603183000 	C:\Program Files\Java\javafx-sdk-11.0.2\bin\api-ms-win-core-rtlsupport-l1-1-0.dll
0x0000026601bd0000 - 0x0000026601bd3000 	C:\Program Files\Java\javafx-sdk-11.0.2\bin\api-ms-win-core-string-l1-1-0.dll
0x0000026601be0000 - 0x0000026601be3000 	C:\Program Files\Java\javafx-sdk-11.0.2\bin\api-ms-win-core-synch-l1-1-0.dll
0x0000026601bf0000 - 0x0000026601bf3000 	C:\Program Files\Java\javafx-sdk-11.0.2\bin\api-ms-win-core-synch-l1-2-0.dll
0x0000026601c00000 - 0x0000026601c03000 	C:\Program Files\Java\javafx-sdk-11.0.2\bin\api-ms-win-core-sysinfo-l1-1-0.dll
0x0000026601c10000 - 0x0000026601c13000 	C:\Program Files\Java\javafx-sdk-11.0.2\bin\api-ms-win-core-timezone-l1-1-0.dll
0x0000026601c20000 - 0x0000026601c23000 	C:\Program Files\Java\javafx-sdk-11.0.2\bin\api-ms-win-core-util-l1-1-0.dll
0x0000026601c30000 - 0x0000026601c33000 	C:\Program Files\Java\javafx-sdk-11.0.2\bin\api-ms-win-crt-conio-l1-1-0.dll
0x0000026601c40000 - 0x0000026601c44000 	C:\Program Files\Java\javafx-sdk-11.0.2\bin\api-ms-win-crt-convert-l1-1-0.dll
0x0000026601c50000 - 0x0000026601c53000 	C:\Program Files\Java\javafx-sdk-11.0.2\bin\api-ms-win-crt-environment-l1-1-0.dll
0x0000026601c60000 - 0x0000026601c63000 	C:\Program Files\Java\javafx-sdk-11.0.2\bin\api-ms-win-crt-filesystem-l1-1-0.dll
0x0000026601c70000 - 0x0000026601c73000 	C:\Program Files\Java\javafx-sdk-11.0.2\bin\api-ms-win-crt-heap-l1-1-0.dll
0x0000026601c80000 - 0x0000026601c83000 	C:\Program Files\Java\javafx-sdk-11.0.2\bin\api-ms-win-crt-locale-l1-1-0.dll
0x0000026601c90000 - 0x0000026601c95000 	C:\Program Files\Java\javafx-sdk-11.0.2\bin\api-ms-win-crt-math-l1-1-0.dll
0x0000026601ca0000 - 0x0000026601ca5000 	C:\Program Files\Java\javafx-sdk-11.0.2\bin\api-ms-win-crt-multibyte-l1-1-0.dll
0x0000026601cb0000 - 0x0000026601cc0000 	C:\Program Files\Java\javafx-sdk-11.0.2\bin\api-ms-win-crt-private-l1-1-0.dll
0x0000026601cc0000 - 0x0000026601cc3000 	C:\Program Files\Java\javafx-sdk-11.0.2\bin\api-ms-win-crt-process-l1-1-0.dll
0x0000026601cd0000 - 0x0000026601cd4000 	C:\Program Files\Java\javafx-sdk-11.0.2\bin\api-ms-win-crt-runtime-l1-1-0.dll
0x0000026601ce0000 - 0x0000026601ce4000 	C:\Program Files\Java\javafx-sdk-11.0.2\bin\api-ms-win-crt-stdio-l1-1-0.dll
0x0000026601cf0000 - 0x0000026601cf4000 	C:\Program Files\Java\javafx-sdk-11.0.2\bin\api-ms-win-crt-string-l1-1-0.dll
0x0000026601d00000 - 0x0000026601d03000 	C:\Program Files\Java\javafx-sdk-11.0.2\bin\api-ms-win-crt-time-l1-1-0.dll
0x0000026601d10000 - 0x0000026601d13000 	C:\Program Files\Java\javafx-sdk-11.0.2\bin\api-ms-win-crt-utility-l1-1-0.dll
0x00007ff829fc0000 - 0x00007ff82a0ba000 	C:\Program Files\Java\javafx-sdk-11.0.2\bin\ucrtbase.dll
0x00007ff850190000 - 0x00007ff8501a6000 	C:\Program Files\Java\javafx-sdk-11.0.2\bin\vcruntime140.dll
0x00007ff82b950000 - 0x00007ff82b9f6000 	C:\Program Files\Java\javafx-sdk-11.0.2\bin\msvcp140.dll
0x00007ff82b730000 - 0x00007ff82b781000 	C:\Program Files\Java\javafx-sdk-11.0.2\bin\concrt140.dll
0x00007ff850160000 - 0x00007ff850183000 	C:\Program Files\Java\javafx-sdk-11.0.2\bin\prism_d3d.dll
0x00007ff8161d0000 - 0x00007ff816367000 	C:\Windows\system32\d3d9.dll
0x00007ff85f680000 - 0x00007ff85f6a9000 	C:\Windows\SYSTEM32\dwmapi.dll
0x00007ff85f260000 - 0x00007ff85f2f8000 	C:\Windows\system32\uxtheme.dll
0x00007ff864750000 - 0x00007ff8648a1000 	C:\Windows\System32\ole32.dll
0x00007ff864190000 - 0x00007ff864252000 	C:\Windows\System32\OLEAUT32.dll
0x00007ff829f70000 - 0x00007ff829fb5000 	C:\Program Files\Java\javafx-sdk-11.0.2\bin\glass.dll
0x00007ff8626e0000 - 0x00007ff8627cd000 	C:\Windows\System32\COMDLG32.dll
0x00007ff8645d0000 - 0x00007ff864743000 	C:\Windows\System32\MSCTF.dll
0x00007ff82b700000 - 0x00007ff82b72c000 	C:\Program Files\Java\javafx-sdk-11.0.2\bin\javafx_iio.dll
0x00007ff84b000000 - 0x00007ff84b014000 	C:\Program Files\Java\javafx-sdk-11.0.2\bin\javafx_font.dll
0x00007ff851c10000 - 0x00007ff851f2c000 	C:\Windows\SYSTEM32\dwrite.dll
0x00007ff864af0000 - 0x00007ff864b90000 	C:\Windows\System32\clbcatq.dll
0x00007ff85cce0000 - 0x00007ff85ce8e000 	C:\Windows\SYSTEM32\WindowsCodecs.dll
0x00007ff834390000 - 0x00007ff8343e8000 	C:\Windows\system32\dataexchange.dll
0x00007ff85e3b0000 - 0x00007ff85e54c000 	C:\Windows\system32\dcomp.dll
0x00007ff85dad0000 - 0x00007ff85dddb000 	C:\Windows\system32\d3d11.dll
0x00007ff860270000 - 0x00007ff86032b000 	C:\Windows\system32\dxgi.dll
0x00007ff85fa40000 - 0x00007ff85fbf8000 	C:\Windows\system32\twinapi.appcore.dll
0x00007ff85f9e0000 - 0x00007ff85fa01000 	C:\Windows\system32\RMCLIENT.dll
0x00007ff829270000 - 0x00007ff8292a4000 	C:\Program Files\Common Files\Microsoft Shared\Ink\rtscom.dll
0x00007ff8535a0000 - 0x00007ff853636000 	C:\Windows\System32\TextInputFramework.dll
0x00007ff85c790000 - 0x00007ff85caae000 	C:\Windows\System32\CoreUIComponents.dll
0x00007ff85e890000 - 0x00007ff85e96a000 	C:\Windows\System32\CoreMessaging.dll
0x00007ff8605a0000 - 0x00007ff8605d1000 	C:\Windows\SYSTEM32\ntmarta.dll
0x00007ff85c640000 - 0x00007ff85c78d000 	C:\Windows\SYSTEM32\wintypes.dll
0x00007ff860a90000 - 0x00007ff860b4e000 	C:\Windows\SYSTEM32\DNSAPI.dll
0x00007ff865160000 - 0x00007ff865168000 	C:\Windows\System32\NSI.dll
0x00007ff860a50000 - 0x00007ff860a88000 	C:\Windows\SYSTEM32\IPHLPAPI.DLL
0x00007ff850900000 - 0x00007ff85090a000 	C:\Windows\System32\rasadhlp.dll
0x00007ff850fd0000 - 0x00007ff851042000 	C:\Windows\System32\fwpuclnt.dll
0x00007ff861010000 - 0x00007ff861035000 	C:\Windows\SYSTEM32\bcrypt.dll

dbghelp: loaded successfully - version: 4.0.5 - missing functions: none
symbol engine: initialized successfully - sym options: 0x614 - pdb path: .;C:\Program Files\Java\jdk-11.0.1\bin;C:\Windows\SYSTEM32;C:\Windows\WinSxS\amd64_microsoft.windows.common-controls_6595b64144ccf1df_6.0.17134.523_none_fb409dd930672a56;C:\Program Files\Java\jdk-11.0.1\bin\server;C:\Program Files\Java\javafx-sdk-11.0.2\bin;C:\Windows\System32\DriverStore\FileRepository\ki126176.inf_amd64_694219dc1ebc939c;C:\Program Files\Common Files\Microsoft Shared\Ink

VM Arguments:
jvm_args: -agentlib:jdwp=transport=dt_socket,address=127.0.0.1:50875,suspend=y,server=n --module-path=C:\Program Files\Java\javafx-sdk-11.0.2\lib --add-modules=javafx.controls,javafx.fxml --add-modules=javafx.base,javafx.graphics --add-reads=javafx.base=ALL-UNNAMED --add-reads=javafx.graphics=ALL-UNNAMED -javaagent:C:\Users\use\AppData\Local\JetBrains\IdeaIC2020.1\captureAgent\debugger-agent.jar -Dfile.encoding=UTF-8 
java_command: loginpage.LoginPage
java_class_path (initial): C:\Program Files\Java\jre1.8.0_181\lib\ext\jfxrt.jar;C:\Program Files\Java\jre1.8.0_181\lib\ext;C:\Program Files\Java\jdk1.8.0_181\jre\lib\ext;C:\Program Files\Java\jdk1.8.0_181\jre\lib\ext\jfoenix-9.0.8.jar;C:\Users\use\Rvideo\STUDY\Study 300 SEMESTER 2\OBJECT ORIENTED PROGRAMMING WITH JAVA\PROJECT\University Application Management System\University Application Management System\out\production\University Application Management System;C:\Program Files\Java\MySQL\mysql-connector-java-5.1.38.jar;C:\Program Files\Java\javafx-sdk-11.0.2\lib\src.zip;C:\Program Files\Java\javafx-sdk-11.0.2\lib\javafx-swt.jar;C:\Program Files\Java\javafx-sdk-11.0.2\lib\javafx.web.jar;C:\Program Files\Java\javafx-sdk-11.0.2\lib\javafx.base.jar;C:\Program Files\Java\javafx-sdk-11.0.2\lib\javafx.fxml.jar;C:\Program Files\Java\javafx-sdk-11.0.2\lib\javafx.media.jar;C:\Program Files\Java\javafx-sdk-11.0.2\lib\javafx.swing.jar;C:\Program Files\Java\javafx-sdk-11.0.2\lib\javafx.controls.jar;C:\Program Files\Java\javafx-sdk-11.0.2\lib\javafx.graphics.jar;C:\Program Files\Java\jfoenix-8.0.8.jar;C:\Program Files\JetBrains\IntelliJ IDEA Community Edition 2020.1\lib\idea_rt.jar
Launcher Type: SUN_STANDARD

[Global flags]
     intx CICompilerCount                          = 3                                         {product} {ergonomic}
     uint ConcGCThreads                            = 1                                         {product} {ergonomic}
     uint G1ConcRefinementThreads                  = 4                                         {product} {ergonomic}
   size_t G1HeapRegionSize                         = 1048576                                   {product} {ergonomic}
    uintx GCDrainStackTargetSize                   = 64                                        {product} {ergonomic}
   size_t InitialHeapSize                          = 132120576                                 {product} {ergonomic}
   size_t MarkStackSize                            = 4194304                                   {product} {ergonomic}
   size_t MaxHeapSize                              = 2105540608                                {product} {ergonomic}
   size_t MaxNewSize                               = 1262485504                                {product} {ergonomic}
   size_t MinHeapDeltaBytes                        = 1048576                                   {product} {ergonomic}
    uintx NonNMethodCodeHeapSize                   = 5830092                                {pd product} {ergonomic}
    uintx NonProfiledCodeHeapSize                  = 122914074                              {pd product} {ergonomic}
    uintx ProfiledCodeHeapSize                     = 122914074                              {pd product} {ergonomic}
    uintx ReservedCodeCacheSize                    = 251658240                              {pd product} {ergonomic}
     bool SegmentedCodeCache                       = true                                      {product} {ergonomic}
     bool UseCompressedClassPointers               = true                                 {lp64_product} {ergonomic}
     bool UseCompressedOops                        = true                                 {lp64_product} {ergonomic}
     bool UseG1GC                                  = true                                      {product} {ergonomic}
     bool UseLargePagesIndividualAllocation        = false                                  {pd product} {ergonomic}

Logging:
Log output configuration:
 #0: stdout all=warning uptime,level,tags
 #1: stderr all=off uptime,level,tags

Environment Variables:
JAVA_HOME=C:\Program Files\Java\jdk1.8.0_181
CLASSPATH=C:\Program Files\Java\jdk1.8.0_181\jre\lib;C:\Program Files\Java\db-derby-10.14.2.0\lib\derby.jar
PATH=C:\Program Files (x86)\NVIDIA Corporation\PhysX\Common;C:\Program Files (x86)\Common Files\Oracle\Java\javapath;C:\Program Files\Java\jdk-10.0.2\bin;c:\altera\91\quartus\bin;C:\Program Files\Intel\WiFi\bin\;C:\Program Files\Common Files\Intel\WirelessCommon\;c:\Program Files\Microsoft SQL Server\Client SDK\ODBC\130\Tools\Binn\;c:\Program Files\Microsoft SQL Server\140\DTS\Binn\;C:\Program Files\MATLAB\MATLAB Production Server\R2015a\runtime\win64;C:\Program Files\MATLAB\MATLAB Production Server\R2015a\bin;C:\Program Files\MATLAB\MATLAB Production Server\R2015a\polyspace\bin;C:\Program Files\Java\db-derby-10.14.2.0\bin;C:\Program Files\Git\cmd;C:\Users\use\AppData\Local\Microsoft\WindowsApps;c:\Program Files\Intel\WiFi\bin\;c:\Program Files\Common Files\Intel\WirelessCommon\;C:\Users\use\AppData\Local\Programs\Microsoft VS Code\bin;C:\Program Files\Java\jdk1.8.0_181\bin;
USERNAME=Ricky
OS=Windows_NT
PROCESSOR_IDENTIFIER=Intel64 Family 6 Model 78 Stepping 3, GenuineIntel



---------------  S Y S T E M  ---------------

OS: Windows 10 , 64 bit Build 17134 (10.0.17134.1)

CPU:total 4 (initial active 4) (2 cores per cpu, 2 threads per core) family 6 model 78 stepping 3, cmov, cx8, fxsr, mmx, sse, sse2, sse3, ssse3, sse4.1, sse4.2, popcnt, avx, avx2, aes, clmul, erms, 3dnowpref, lzcnt, ht, tsc, tscinvbit, bmi1, bmi2, adx, fma

Memory: 4k page, system-wide physical 8030M (2789M free)
TotalPageFile size 9310M (AvailPageFile size 1912M)
current process WorkingSet (physical memory assigned to process): 245M, peak: 278M
current process commit charge ("private bytes"): 316M, peak: 361M

vm_info: Java HotSpot(TM) 64-Bit Server VM (11.0.1+13-LTS) for windows-amd64 JRE (11.0.1+13-LTS), built on Oct  6 2018 13:20:16 by "mach5one" with MS VC++ 15.5 (VS2017)

END.
